ARM GAS  C:\Users\lukas\AppData\Local\Temp\cc5QG2Wc.s 			page 1


   1              		.cpu cortex-m4
   2              		.arch armv7e-m
   3              		.fpu fpv4-sp-d16
   4              		.eabi_attribute 27, 1
   5              		.eabi_attribute 28, 1
   6              		.eabi_attribute 20, 1
   7              		.eabi_attribute 21, 1
   8              		.eabi_attribute 23, 3
   9              		.eabi_attribute 24, 1
  10              		.eabi_attribute 25, 1
  11              		.eabi_attribute 26, 1
  12              		.eabi_attribute 30, 1
  13              		.eabi_attribute 34, 1
  14              		.eabi_attribute 18, 4
  15              		.file	"stm32f4xx_hal_msp.c"
  16              		.text
  17              	.Ltext0:
  18              		.cfi_sections	.debug_frame
  19              		.section	.text.HAL_MspInit,"ax",%progbits
  20              		.align	1
  21              		.global	HAL_MspInit
  22              		.syntax unified
  23              		.thumb
  24              		.thumb_func
  26              	HAL_MspInit:
  27              	.LFB130:
  28              		.file 1 "Core/Src/stm32f4xx_hal_msp.c"
   1:Core/Src/stm32f4xx_hal_msp.c **** /* USER CODE BEGIN Header */
   2:Core/Src/stm32f4xx_hal_msp.c **** /**
   3:Core/Src/stm32f4xx_hal_msp.c ****   ******************************************************************************
   4:Core/Src/stm32f4xx_hal_msp.c ****   * @file         stm32f4xx_hal_msp.c
   5:Core/Src/stm32f4xx_hal_msp.c ****   * @brief        This file provides code for the MSP Initialization
   6:Core/Src/stm32f4xx_hal_msp.c ****   *               and de-Initialization codes.
   7:Core/Src/stm32f4xx_hal_msp.c ****   ******************************************************************************
   8:Core/Src/stm32f4xx_hal_msp.c ****   * @attention
   9:Core/Src/stm32f4xx_hal_msp.c ****   *
  10:Core/Src/stm32f4xx_hal_msp.c ****   * Copyright (c) 2023 STMicroelectronics.
  11:Core/Src/stm32f4xx_hal_msp.c ****   * All rights reserved.
  12:Core/Src/stm32f4xx_hal_msp.c ****   *
  13:Core/Src/stm32f4xx_hal_msp.c ****   * This software is licensed under terms that can be found in the LICENSE file
  14:Core/Src/stm32f4xx_hal_msp.c ****   * in the root directory of this software component.
  15:Core/Src/stm32f4xx_hal_msp.c ****   * If no LICENSE file comes with this software, it is provided AS-IS.
  16:Core/Src/stm32f4xx_hal_msp.c ****   *
  17:Core/Src/stm32f4xx_hal_msp.c ****   ******************************************************************************
  18:Core/Src/stm32f4xx_hal_msp.c ****   */
  19:Core/Src/stm32f4xx_hal_msp.c **** /* USER CODE END Header */
  20:Core/Src/stm32f4xx_hal_msp.c **** 
  21:Core/Src/stm32f4xx_hal_msp.c **** /* Includes ------------------------------------------------------------------*/
  22:Core/Src/stm32f4xx_hal_msp.c **** #include "main.h"
  23:Core/Src/stm32f4xx_hal_msp.c **** 
  24:Core/Src/stm32f4xx_hal_msp.c **** /* USER CODE BEGIN Includes */
  25:Core/Src/stm32f4xx_hal_msp.c **** 
  26:Core/Src/stm32f4xx_hal_msp.c **** /* USER CODE END Includes */
  27:Core/Src/stm32f4xx_hal_msp.c **** 
  28:Core/Src/stm32f4xx_hal_msp.c **** /* Private typedef -----------------------------------------------------------*/
  29:Core/Src/stm32f4xx_hal_msp.c **** /* USER CODE BEGIN TD */
  30:Core/Src/stm32f4xx_hal_msp.c **** 
ARM GAS  C:\Users\lukas\AppData\Local\Temp\cc5QG2Wc.s 			page 2


  31:Core/Src/stm32f4xx_hal_msp.c **** /* USER CODE END TD */
  32:Core/Src/stm32f4xx_hal_msp.c **** 
  33:Core/Src/stm32f4xx_hal_msp.c **** /* Private define ------------------------------------------------------------*/
  34:Core/Src/stm32f4xx_hal_msp.c **** /* USER CODE BEGIN Define */
  35:Core/Src/stm32f4xx_hal_msp.c **** 
  36:Core/Src/stm32f4xx_hal_msp.c **** /* USER CODE END Define */
  37:Core/Src/stm32f4xx_hal_msp.c **** 
  38:Core/Src/stm32f4xx_hal_msp.c **** /* Private macro -------------------------------------------------------------*/
  39:Core/Src/stm32f4xx_hal_msp.c **** /* USER CODE BEGIN Macro */
  40:Core/Src/stm32f4xx_hal_msp.c **** 
  41:Core/Src/stm32f4xx_hal_msp.c **** /* USER CODE END Macro */
  42:Core/Src/stm32f4xx_hal_msp.c **** 
  43:Core/Src/stm32f4xx_hal_msp.c **** /* Private variables ---------------------------------------------------------*/
  44:Core/Src/stm32f4xx_hal_msp.c **** /* USER CODE BEGIN PV */
  45:Core/Src/stm32f4xx_hal_msp.c **** 
  46:Core/Src/stm32f4xx_hal_msp.c **** /* USER CODE END PV */
  47:Core/Src/stm32f4xx_hal_msp.c **** 
  48:Core/Src/stm32f4xx_hal_msp.c **** /* Private function prototypes -----------------------------------------------*/
  49:Core/Src/stm32f4xx_hal_msp.c **** /* USER CODE BEGIN PFP */
  50:Core/Src/stm32f4xx_hal_msp.c **** 
  51:Core/Src/stm32f4xx_hal_msp.c **** /* USER CODE END PFP */
  52:Core/Src/stm32f4xx_hal_msp.c **** 
  53:Core/Src/stm32f4xx_hal_msp.c **** /* External functions --------------------------------------------------------*/
  54:Core/Src/stm32f4xx_hal_msp.c **** /* USER CODE BEGIN ExternalFunctions */
  55:Core/Src/stm32f4xx_hal_msp.c **** 
  56:Core/Src/stm32f4xx_hal_msp.c **** /* USER CODE END ExternalFunctions */
  57:Core/Src/stm32f4xx_hal_msp.c **** 
  58:Core/Src/stm32f4xx_hal_msp.c **** /* USER CODE BEGIN 0 */
  59:Core/Src/stm32f4xx_hal_msp.c **** 
  60:Core/Src/stm32f4xx_hal_msp.c **** /* USER CODE END 0 */
  61:Core/Src/stm32f4xx_hal_msp.c **** 
  62:Core/Src/stm32f4xx_hal_msp.c **** void HAL_TIM_MspPostInit(TIM_HandleTypeDef *htim);
  63:Core/Src/stm32f4xx_hal_msp.c ****                                                             /**
  64:Core/Src/stm32f4xx_hal_msp.c ****   * Initializes the Global MSP.
  65:Core/Src/stm32f4xx_hal_msp.c ****   */
  66:Core/Src/stm32f4xx_hal_msp.c **** void HAL_MspInit(void)
  67:Core/Src/stm32f4xx_hal_msp.c **** {
  29              		.loc 1 67 1 view -0
  30              		.cfi_startproc
  31              		@ args = 0, pretend = 0, frame = 8
  32              		@ frame_needed = 0, uses_anonymous_args = 0
  33              		@ link register save eliminated.
  34 0000 82B0     		sub	sp, sp, #8
  35              	.LCFI0:
  36              		.cfi_def_cfa_offset 8
  68:Core/Src/stm32f4xx_hal_msp.c ****   /* USER CODE BEGIN MspInit 0 */
  69:Core/Src/stm32f4xx_hal_msp.c **** 
  70:Core/Src/stm32f4xx_hal_msp.c ****   /* USER CODE END MspInit 0 */
  71:Core/Src/stm32f4xx_hal_msp.c **** 
  72:Core/Src/stm32f4xx_hal_msp.c ****   __HAL_RCC_SYSCFG_CLK_ENABLE();
  37              		.loc 1 72 3 view .LVU1
  38              	.LBB2:
  39              		.loc 1 72 3 view .LVU2
  40 0002 0021     		movs	r1, #0
  41 0004 0091     		str	r1, [sp]
  42              		.loc 1 72 3 view .LVU3
  43 0006 0B4B     		ldr	r3, .L3
ARM GAS  C:\Users\lukas\AppData\Local\Temp\cc5QG2Wc.s 			page 3


  44 0008 5A6C     		ldr	r2, [r3, #68]
  45 000a 42F48042 		orr	r2, r2, #16384
  46 000e 5A64     		str	r2, [r3, #68]
  47              		.loc 1 72 3 view .LVU4
  48 0010 5A6C     		ldr	r2, [r3, #68]
  49 0012 02F48042 		and	r2, r2, #16384
  50 0016 0092     		str	r2, [sp]
  51              		.loc 1 72 3 view .LVU5
  52 0018 009A     		ldr	r2, [sp]
  53              	.LBE2:
  54              		.loc 1 72 3 view .LVU6
  73:Core/Src/stm32f4xx_hal_msp.c ****   __HAL_RCC_PWR_CLK_ENABLE();
  55              		.loc 1 73 3 view .LVU7
  56              	.LBB3:
  57              		.loc 1 73 3 view .LVU8
  58 001a 0191     		str	r1, [sp, #4]
  59              		.loc 1 73 3 view .LVU9
  60 001c 1A6C     		ldr	r2, [r3, #64]
  61 001e 42F08052 		orr	r2, r2, #268435456
  62 0022 1A64     		str	r2, [r3, #64]
  63              		.loc 1 73 3 view .LVU10
  64 0024 1B6C     		ldr	r3, [r3, #64]
  65 0026 03F08053 		and	r3, r3, #268435456
  66 002a 0193     		str	r3, [sp, #4]
  67              		.loc 1 73 3 view .LVU11
  68 002c 019B     		ldr	r3, [sp, #4]
  69              	.LBE3:
  70              		.loc 1 73 3 view .LVU12
  74:Core/Src/stm32f4xx_hal_msp.c **** 
  75:Core/Src/stm32f4xx_hal_msp.c ****   /* System interrupt init*/
  76:Core/Src/stm32f4xx_hal_msp.c **** 
  77:Core/Src/stm32f4xx_hal_msp.c ****   /* USER CODE BEGIN MspInit 1 */
  78:Core/Src/stm32f4xx_hal_msp.c **** 
  79:Core/Src/stm32f4xx_hal_msp.c ****   /* USER CODE END MspInit 1 */
  80:Core/Src/stm32f4xx_hal_msp.c **** }
  71              		.loc 1 80 1 is_stmt 0 view .LVU13
  72 002e 02B0     		add	sp, sp, #8
  73              	.LCFI1:
  74              		.cfi_def_cfa_offset 0
  75              		@ sp needed
  76 0030 7047     		bx	lr
  77              	.L4:
  78 0032 00BF     		.align	2
  79              	.L3:
  80 0034 00380240 		.word	1073887232
  81              		.cfi_endproc
  82              	.LFE130:
  84              		.section	.text.HAL_I2C_MspInit,"ax",%progbits
  85              		.align	1
  86              		.global	HAL_I2C_MspInit
  87              		.syntax unified
  88              		.thumb
  89              		.thumb_func
  91              	HAL_I2C_MspInit:
  92              	.LVL0:
  93              	.LFB131:
  81:Core/Src/stm32f4xx_hal_msp.c **** 
ARM GAS  C:\Users\lukas\AppData\Local\Temp\cc5QG2Wc.s 			page 4


  82:Core/Src/stm32f4xx_hal_msp.c **** /**
  83:Core/Src/stm32f4xx_hal_msp.c **** * @brief I2C MSP Initialization
  84:Core/Src/stm32f4xx_hal_msp.c **** * This function configures the hardware resources used in this example
  85:Core/Src/stm32f4xx_hal_msp.c **** * @param hi2c: I2C handle pointer
  86:Core/Src/stm32f4xx_hal_msp.c **** * @retval None
  87:Core/Src/stm32f4xx_hal_msp.c **** */
  88:Core/Src/stm32f4xx_hal_msp.c **** void HAL_I2C_MspInit(I2C_HandleTypeDef* hi2c)
  89:Core/Src/stm32f4xx_hal_msp.c **** {
  94              		.loc 1 89 1 is_stmt 1 view -0
  95              		.cfi_startproc
  96              		@ args = 0, pretend = 0, frame = 32
  97              		@ frame_needed = 0, uses_anonymous_args = 0
  98              		.loc 1 89 1 is_stmt 0 view .LVU15
  99 0000 30B5     		push	{r4, r5, lr}
 100              	.LCFI2:
 101              		.cfi_def_cfa_offset 12
 102              		.cfi_offset 4, -12
 103              		.cfi_offset 5, -8
 104              		.cfi_offset 14, -4
 105 0002 89B0     		sub	sp, sp, #36
 106              	.LCFI3:
 107              		.cfi_def_cfa_offset 48
  90:Core/Src/stm32f4xx_hal_msp.c ****   GPIO_InitTypeDef GPIO_InitStruct = {0};
 108              		.loc 1 90 3 is_stmt 1 view .LVU16
 109              		.loc 1 90 20 is_stmt 0 view .LVU17
 110 0004 0023     		movs	r3, #0
 111 0006 0393     		str	r3, [sp, #12]
 112 0008 0493     		str	r3, [sp, #16]
 113 000a 0593     		str	r3, [sp, #20]
 114 000c 0693     		str	r3, [sp, #24]
 115 000e 0793     		str	r3, [sp, #28]
  91:Core/Src/stm32f4xx_hal_msp.c ****   if(hi2c->Instance==I2C1)
 116              		.loc 1 91 3 is_stmt 1 view .LVU18
 117              		.loc 1 91 10 is_stmt 0 view .LVU19
 118 0010 0268     		ldr	r2, [r0]
 119              		.loc 1 91 5 view .LVU20
 120 0012 144B     		ldr	r3, .L9
 121 0014 9A42     		cmp	r2, r3
 122 0016 01D0     		beq	.L8
 123              	.LVL1:
 124              	.L5:
  92:Core/Src/stm32f4xx_hal_msp.c ****   {
  93:Core/Src/stm32f4xx_hal_msp.c ****   /* USER CODE BEGIN I2C1_MspInit 0 */
  94:Core/Src/stm32f4xx_hal_msp.c **** 
  95:Core/Src/stm32f4xx_hal_msp.c ****   /* USER CODE END I2C1_MspInit 0 */
  96:Core/Src/stm32f4xx_hal_msp.c **** 
  97:Core/Src/stm32f4xx_hal_msp.c ****     __HAL_RCC_GPIOB_CLK_ENABLE();
  98:Core/Src/stm32f4xx_hal_msp.c ****     /**I2C1 GPIO Configuration
  99:Core/Src/stm32f4xx_hal_msp.c ****     PB6     ------> I2C1_SCL
 100:Core/Src/stm32f4xx_hal_msp.c ****     PB7     ------> I2C1_SDA
 101:Core/Src/stm32f4xx_hal_msp.c ****     */
 102:Core/Src/stm32f4xx_hal_msp.c ****     GPIO_InitStruct.Pin = GPIO_PIN_6|GPIO_PIN_7;
 103:Core/Src/stm32f4xx_hal_msp.c ****     GPIO_InitStruct.Mode = GPIO_MODE_AF_OD;
 104:Core/Src/stm32f4xx_hal_msp.c ****     GPIO_InitStruct.Pull = GPIO_NOPULL;
 105:Core/Src/stm32f4xx_hal_msp.c ****     GPIO_InitStruct.Speed = GPIO_SPEED_FREQ_VERY_HIGH;
 106:Core/Src/stm32f4xx_hal_msp.c ****     GPIO_InitStruct.Alternate = GPIO_AF4_I2C1;
 107:Core/Src/stm32f4xx_hal_msp.c ****     HAL_GPIO_Init(GPIOB, &GPIO_InitStruct);
ARM GAS  C:\Users\lukas\AppData\Local\Temp\cc5QG2Wc.s 			page 5


 108:Core/Src/stm32f4xx_hal_msp.c **** 
 109:Core/Src/stm32f4xx_hal_msp.c ****     /* Peripheral clock enable */
 110:Core/Src/stm32f4xx_hal_msp.c ****     __HAL_RCC_I2C1_CLK_ENABLE();
 111:Core/Src/stm32f4xx_hal_msp.c ****   /* USER CODE BEGIN I2C1_MspInit 1 */
 112:Core/Src/stm32f4xx_hal_msp.c **** 
 113:Core/Src/stm32f4xx_hal_msp.c ****   /* USER CODE END I2C1_MspInit 1 */
 114:Core/Src/stm32f4xx_hal_msp.c ****   }
 115:Core/Src/stm32f4xx_hal_msp.c **** 
 116:Core/Src/stm32f4xx_hal_msp.c **** }
 125              		.loc 1 116 1 view .LVU21
 126 0018 09B0     		add	sp, sp, #36
 127              	.LCFI4:
 128              		.cfi_remember_state
 129              		.cfi_def_cfa_offset 12
 130              		@ sp needed
 131 001a 30BD     		pop	{r4, r5, pc}
 132              	.LVL2:
 133              	.L8:
 134              	.LCFI5:
 135              		.cfi_restore_state
  97:Core/Src/stm32f4xx_hal_msp.c ****     /**I2C1 GPIO Configuration
 136              		.loc 1 97 5 is_stmt 1 view .LVU22
 137              	.LBB4:
  97:Core/Src/stm32f4xx_hal_msp.c ****     /**I2C1 GPIO Configuration
 138              		.loc 1 97 5 view .LVU23
 139 001c 0025     		movs	r5, #0
 140 001e 0195     		str	r5, [sp, #4]
  97:Core/Src/stm32f4xx_hal_msp.c ****     /**I2C1 GPIO Configuration
 141              		.loc 1 97 5 view .LVU24
 142 0020 114C     		ldr	r4, .L9+4
 143 0022 236B     		ldr	r3, [r4, #48]
 144 0024 43F00203 		orr	r3, r3, #2
 145 0028 2363     		str	r3, [r4, #48]
  97:Core/Src/stm32f4xx_hal_msp.c ****     /**I2C1 GPIO Configuration
 146              		.loc 1 97 5 view .LVU25
 147 002a 236B     		ldr	r3, [r4, #48]
 148 002c 03F00203 		and	r3, r3, #2
 149 0030 0193     		str	r3, [sp, #4]
  97:Core/Src/stm32f4xx_hal_msp.c ****     /**I2C1 GPIO Configuration
 150              		.loc 1 97 5 view .LVU26
 151 0032 019B     		ldr	r3, [sp, #4]
 152              	.LBE4:
  97:Core/Src/stm32f4xx_hal_msp.c ****     /**I2C1 GPIO Configuration
 153              		.loc 1 97 5 view .LVU27
 102:Core/Src/stm32f4xx_hal_msp.c ****     GPIO_InitStruct.Mode = GPIO_MODE_AF_OD;
 154              		.loc 1 102 5 view .LVU28
 102:Core/Src/stm32f4xx_hal_msp.c ****     GPIO_InitStruct.Mode = GPIO_MODE_AF_OD;
 155              		.loc 1 102 25 is_stmt 0 view .LVU29
 156 0034 C023     		movs	r3, #192
 157 0036 0393     		str	r3, [sp, #12]
 103:Core/Src/stm32f4xx_hal_msp.c ****     GPIO_InitStruct.Pull = GPIO_NOPULL;
 158              		.loc 1 103 5 is_stmt 1 view .LVU30
 103:Core/Src/stm32f4xx_hal_msp.c ****     GPIO_InitStruct.Pull = GPIO_NOPULL;
 159              		.loc 1 103 26 is_stmt 0 view .LVU31
 160 0038 1223     		movs	r3, #18
 161 003a 0493     		str	r3, [sp, #16]
 104:Core/Src/stm32f4xx_hal_msp.c ****     GPIO_InitStruct.Speed = GPIO_SPEED_FREQ_VERY_HIGH;
ARM GAS  C:\Users\lukas\AppData\Local\Temp\cc5QG2Wc.s 			page 6


 162              		.loc 1 104 5 is_stmt 1 view .LVU32
 105:Core/Src/stm32f4xx_hal_msp.c ****     GPIO_InitStruct.Alternate = GPIO_AF4_I2C1;
 163              		.loc 1 105 5 view .LVU33
 105:Core/Src/stm32f4xx_hal_msp.c ****     GPIO_InitStruct.Alternate = GPIO_AF4_I2C1;
 164              		.loc 1 105 27 is_stmt 0 view .LVU34
 165 003c 0323     		movs	r3, #3
 166 003e 0693     		str	r3, [sp, #24]
 106:Core/Src/stm32f4xx_hal_msp.c ****     HAL_GPIO_Init(GPIOB, &GPIO_InitStruct);
 167              		.loc 1 106 5 is_stmt 1 view .LVU35
 106:Core/Src/stm32f4xx_hal_msp.c ****     HAL_GPIO_Init(GPIOB, &GPIO_InitStruct);
 168              		.loc 1 106 31 is_stmt 0 view .LVU36
 169 0040 0423     		movs	r3, #4
 170 0042 0793     		str	r3, [sp, #28]
 107:Core/Src/stm32f4xx_hal_msp.c **** 
 171              		.loc 1 107 5 is_stmt 1 view .LVU37
 172 0044 03A9     		add	r1, sp, #12
 173 0046 0948     		ldr	r0, .L9+8
 174              	.LVL3:
 107:Core/Src/stm32f4xx_hal_msp.c **** 
 175              		.loc 1 107 5 is_stmt 0 view .LVU38
 176 0048 FFF7FEFF 		bl	HAL_GPIO_Init
 177              	.LVL4:
 110:Core/Src/stm32f4xx_hal_msp.c ****   /* USER CODE BEGIN I2C1_MspInit 1 */
 178              		.loc 1 110 5 is_stmt 1 view .LVU39
 179              	.LBB5:
 110:Core/Src/stm32f4xx_hal_msp.c ****   /* USER CODE BEGIN I2C1_MspInit 1 */
 180              		.loc 1 110 5 view .LVU40
 181 004c 0295     		str	r5, [sp, #8]
 110:Core/Src/stm32f4xx_hal_msp.c ****   /* USER CODE BEGIN I2C1_MspInit 1 */
 182              		.loc 1 110 5 view .LVU41
 183 004e 236C     		ldr	r3, [r4, #64]
 184 0050 43F40013 		orr	r3, r3, #2097152
 185 0054 2364     		str	r3, [r4, #64]
 110:Core/Src/stm32f4xx_hal_msp.c ****   /* USER CODE BEGIN I2C1_MspInit 1 */
 186              		.loc 1 110 5 view .LVU42
 187 0056 236C     		ldr	r3, [r4, #64]
 188 0058 03F40013 		and	r3, r3, #2097152
 189 005c 0293     		str	r3, [sp, #8]
 110:Core/Src/stm32f4xx_hal_msp.c ****   /* USER CODE BEGIN I2C1_MspInit 1 */
 190              		.loc 1 110 5 view .LVU43
 191 005e 029B     		ldr	r3, [sp, #8]
 192              	.LBE5:
 110:Core/Src/stm32f4xx_hal_msp.c ****   /* USER CODE BEGIN I2C1_MspInit 1 */
 193              		.loc 1 110 5 view .LVU44
 194              		.loc 1 116 1 is_stmt 0 view .LVU45
 195 0060 DAE7     		b	.L5
 196              	.L10:
 197 0062 00BF     		.align	2
 198              	.L9:
 199 0064 00540040 		.word	1073763328
 200 0068 00380240 		.word	1073887232
 201 006c 00040240 		.word	1073873920
 202              		.cfi_endproc
 203              	.LFE131:
 205              		.section	.text.HAL_I2C_MspDeInit,"ax",%progbits
 206              		.align	1
 207              		.global	HAL_I2C_MspDeInit
ARM GAS  C:\Users\lukas\AppData\Local\Temp\cc5QG2Wc.s 			page 7


 208              		.syntax unified
 209              		.thumb
 210              		.thumb_func
 212              	HAL_I2C_MspDeInit:
 213              	.LVL5:
 214              	.LFB132:
 117:Core/Src/stm32f4xx_hal_msp.c **** 
 118:Core/Src/stm32f4xx_hal_msp.c **** /**
 119:Core/Src/stm32f4xx_hal_msp.c **** * @brief I2C MSP De-Initialization
 120:Core/Src/stm32f4xx_hal_msp.c **** * This function freeze the hardware resources used in this example
 121:Core/Src/stm32f4xx_hal_msp.c **** * @param hi2c: I2C handle pointer
 122:Core/Src/stm32f4xx_hal_msp.c **** * @retval None
 123:Core/Src/stm32f4xx_hal_msp.c **** */
 124:Core/Src/stm32f4xx_hal_msp.c **** void HAL_I2C_MspDeInit(I2C_HandleTypeDef* hi2c)
 125:Core/Src/stm32f4xx_hal_msp.c **** {
 215              		.loc 1 125 1 is_stmt 1 view -0
 216              		.cfi_startproc
 217              		@ args = 0, pretend = 0, frame = 0
 218              		@ frame_needed = 0, uses_anonymous_args = 0
 126:Core/Src/stm32f4xx_hal_msp.c ****   if(hi2c->Instance==I2C1)
 219              		.loc 1 126 3 view .LVU47
 220              		.loc 1 126 10 is_stmt 0 view .LVU48
 221 0000 0268     		ldr	r2, [r0]
 222              		.loc 1 126 5 view .LVU49
 223 0002 0A4B     		ldr	r3, .L18
 224 0004 9A42     		cmp	r2, r3
 225 0006 00D0     		beq	.L17
 226 0008 7047     		bx	lr
 227              	.L17:
 125:Core/Src/stm32f4xx_hal_msp.c ****   if(hi2c->Instance==I2C1)
 228              		.loc 1 125 1 view .LVU50
 229 000a 10B5     		push	{r4, lr}
 230              	.LCFI6:
 231              		.cfi_def_cfa_offset 8
 232              		.cfi_offset 4, -8
 233              		.cfi_offset 14, -4
 127:Core/Src/stm32f4xx_hal_msp.c ****   {
 128:Core/Src/stm32f4xx_hal_msp.c ****   /* USER CODE BEGIN I2C1_MspDeInit 0 */
 129:Core/Src/stm32f4xx_hal_msp.c **** 
 130:Core/Src/stm32f4xx_hal_msp.c ****   /* USER CODE END I2C1_MspDeInit 0 */
 131:Core/Src/stm32f4xx_hal_msp.c ****     /* Peripheral clock disable */
 132:Core/Src/stm32f4xx_hal_msp.c ****     __HAL_RCC_I2C1_CLK_DISABLE();
 234              		.loc 1 132 5 is_stmt 1 view .LVU51
 235 000c 084A     		ldr	r2, .L18+4
 236 000e 136C     		ldr	r3, [r2, #64]
 237 0010 23F40013 		bic	r3, r3, #2097152
 238 0014 1364     		str	r3, [r2, #64]
 133:Core/Src/stm32f4xx_hal_msp.c **** 
 134:Core/Src/stm32f4xx_hal_msp.c ****     /**I2C1 GPIO Configuration
 135:Core/Src/stm32f4xx_hal_msp.c ****     PB6     ------> I2C1_SCL
 136:Core/Src/stm32f4xx_hal_msp.c ****     PB7     ------> I2C1_SDA
 137:Core/Src/stm32f4xx_hal_msp.c ****     */
 138:Core/Src/stm32f4xx_hal_msp.c ****     HAL_GPIO_DeInit(GPIOB, GPIO_PIN_6);
 239              		.loc 1 138 5 view .LVU52
 240 0016 074C     		ldr	r4, .L18+8
 241 0018 4021     		movs	r1, #64
 242 001a 2046     		mov	r0, r4
ARM GAS  C:\Users\lukas\AppData\Local\Temp\cc5QG2Wc.s 			page 8


 243              	.LVL6:
 244              		.loc 1 138 5 is_stmt 0 view .LVU53
 245 001c FFF7FEFF 		bl	HAL_GPIO_DeInit
 246              	.LVL7:
 139:Core/Src/stm32f4xx_hal_msp.c **** 
 140:Core/Src/stm32f4xx_hal_msp.c ****     HAL_GPIO_DeInit(GPIOB, GPIO_PIN_7);
 247              		.loc 1 140 5 is_stmt 1 view .LVU54
 248 0020 8021     		movs	r1, #128
 249 0022 2046     		mov	r0, r4
 250 0024 FFF7FEFF 		bl	HAL_GPIO_DeInit
 251              	.LVL8:
 141:Core/Src/stm32f4xx_hal_msp.c **** 
 142:Core/Src/stm32f4xx_hal_msp.c ****   /* USER CODE BEGIN I2C1_MspDeInit 1 */
 143:Core/Src/stm32f4xx_hal_msp.c **** 
 144:Core/Src/stm32f4xx_hal_msp.c ****   /* USER CODE END I2C1_MspDeInit 1 */
 145:Core/Src/stm32f4xx_hal_msp.c ****   }
 146:Core/Src/stm32f4xx_hal_msp.c **** 
 147:Core/Src/stm32f4xx_hal_msp.c **** }
 252              		.loc 1 147 1 is_stmt 0 view .LVU55
 253 0028 10BD     		pop	{r4, pc}
 254              	.L19:
 255 002a 00BF     		.align	2
 256              	.L18:
 257 002c 00540040 		.word	1073763328
 258 0030 00380240 		.word	1073887232
 259 0034 00040240 		.word	1073873920
 260              		.cfi_endproc
 261              	.LFE132:
 263              		.section	.text.HAL_SD_MspInit,"ax",%progbits
 264              		.align	1
 265              		.global	HAL_SD_MspInit
 266              		.syntax unified
 267              		.thumb
 268              		.thumb_func
 270              	HAL_SD_MspInit:
 271              	.LVL9:
 272              	.LFB133:
 148:Core/Src/stm32f4xx_hal_msp.c **** 
 149:Core/Src/stm32f4xx_hal_msp.c **** /**
 150:Core/Src/stm32f4xx_hal_msp.c **** * @brief SD MSP Initialization
 151:Core/Src/stm32f4xx_hal_msp.c **** * This function configures the hardware resources used in this example
 152:Core/Src/stm32f4xx_hal_msp.c **** * @param hsd: SD handle pointer
 153:Core/Src/stm32f4xx_hal_msp.c **** * @retval None
 154:Core/Src/stm32f4xx_hal_msp.c **** */
 155:Core/Src/stm32f4xx_hal_msp.c **** void HAL_SD_MspInit(SD_HandleTypeDef* hsd)
 156:Core/Src/stm32f4xx_hal_msp.c **** {
 273              		.loc 1 156 1 is_stmt 1 view -0
 274              		.cfi_startproc
 275              		@ args = 0, pretend = 0, frame = 32
 276              		@ frame_needed = 0, uses_anonymous_args = 0
 277              		.loc 1 156 1 is_stmt 0 view .LVU57
 278 0000 F0B5     		push	{r4, r5, r6, r7, lr}
 279              	.LCFI7:
 280              		.cfi_def_cfa_offset 20
 281              		.cfi_offset 4, -20
 282              		.cfi_offset 5, -16
 283              		.cfi_offset 6, -12
ARM GAS  C:\Users\lukas\AppData\Local\Temp\cc5QG2Wc.s 			page 9


 284              		.cfi_offset 7, -8
 285              		.cfi_offset 14, -4
 286 0002 89B0     		sub	sp, sp, #36
 287              	.LCFI8:
 288              		.cfi_def_cfa_offset 56
 157:Core/Src/stm32f4xx_hal_msp.c ****   GPIO_InitTypeDef GPIO_InitStruct = {0};
 289              		.loc 1 157 3 is_stmt 1 view .LVU58
 290              		.loc 1 157 20 is_stmt 0 view .LVU59
 291 0004 0023     		movs	r3, #0
 292 0006 0393     		str	r3, [sp, #12]
 293 0008 0493     		str	r3, [sp, #16]
 294 000a 0593     		str	r3, [sp, #20]
 295 000c 0693     		str	r3, [sp, #24]
 296 000e 0793     		str	r3, [sp, #28]
 158:Core/Src/stm32f4xx_hal_msp.c ****   if(hsd->Instance==SDIO)
 297              		.loc 1 158 3 is_stmt 1 view .LVU60
 298              		.loc 1 158 9 is_stmt 0 view .LVU61
 299 0010 0268     		ldr	r2, [r0]
 300              		.loc 1 158 5 view .LVU62
 301 0012 204B     		ldr	r3, .L24
 302 0014 9A42     		cmp	r2, r3
 303 0016 01D0     		beq	.L23
 304              	.LVL10:
 305              	.L20:
 159:Core/Src/stm32f4xx_hal_msp.c ****   {
 160:Core/Src/stm32f4xx_hal_msp.c ****   /* USER CODE BEGIN SDIO_MspInit 0 */
 161:Core/Src/stm32f4xx_hal_msp.c **** 
 162:Core/Src/stm32f4xx_hal_msp.c ****   /* USER CODE END SDIO_MspInit 0 */
 163:Core/Src/stm32f4xx_hal_msp.c ****     /* Peripheral clock enable */
 164:Core/Src/stm32f4xx_hal_msp.c ****     __HAL_RCC_SDIO_CLK_ENABLE();
 165:Core/Src/stm32f4xx_hal_msp.c **** 
 166:Core/Src/stm32f4xx_hal_msp.c ****     __HAL_RCC_GPIOC_CLK_ENABLE();
 167:Core/Src/stm32f4xx_hal_msp.c ****     __HAL_RCC_GPIOD_CLK_ENABLE();
 168:Core/Src/stm32f4xx_hal_msp.c ****     /**SDIO GPIO Configuration
 169:Core/Src/stm32f4xx_hal_msp.c ****     PC8     ------> SDIO_D0
 170:Core/Src/stm32f4xx_hal_msp.c ****     PC9     ------> SDIO_D1
 171:Core/Src/stm32f4xx_hal_msp.c ****     PC10     ------> SDIO_D2
 172:Core/Src/stm32f4xx_hal_msp.c ****     PC11     ------> SDIO_D3
 173:Core/Src/stm32f4xx_hal_msp.c ****     PC12     ------> SDIO_CK
 174:Core/Src/stm32f4xx_hal_msp.c ****     PD2     ------> SDIO_CMD
 175:Core/Src/stm32f4xx_hal_msp.c ****     */
 176:Core/Src/stm32f4xx_hal_msp.c ****     GPIO_InitStruct.Pin = GPIO_PIN_8|GPIO_PIN_9|GPIO_PIN_10|GPIO_PIN_11
 177:Core/Src/stm32f4xx_hal_msp.c ****                           |GPIO_PIN_12;
 178:Core/Src/stm32f4xx_hal_msp.c ****     GPIO_InitStruct.Mode = GPIO_MODE_AF_PP;
 179:Core/Src/stm32f4xx_hal_msp.c ****     GPIO_InitStruct.Pull = GPIO_NOPULL;
 180:Core/Src/stm32f4xx_hal_msp.c ****     GPIO_InitStruct.Speed = GPIO_SPEED_FREQ_VERY_HIGH;
 181:Core/Src/stm32f4xx_hal_msp.c ****     GPIO_InitStruct.Alternate = GPIO_AF12_SDIO;
 182:Core/Src/stm32f4xx_hal_msp.c ****     HAL_GPIO_Init(GPIOC, &GPIO_InitStruct);
 183:Core/Src/stm32f4xx_hal_msp.c **** 
 184:Core/Src/stm32f4xx_hal_msp.c ****     GPIO_InitStruct.Pin = GPIO_PIN_2;
 185:Core/Src/stm32f4xx_hal_msp.c ****     GPIO_InitStruct.Mode = GPIO_MODE_AF_PP;
 186:Core/Src/stm32f4xx_hal_msp.c ****     GPIO_InitStruct.Pull = GPIO_NOPULL;
 187:Core/Src/stm32f4xx_hal_msp.c ****     GPIO_InitStruct.Speed = GPIO_SPEED_FREQ_VERY_HIGH;
 188:Core/Src/stm32f4xx_hal_msp.c ****     GPIO_InitStruct.Alternate = GPIO_AF12_SDIO;
 189:Core/Src/stm32f4xx_hal_msp.c ****     HAL_GPIO_Init(GPIOD, &GPIO_InitStruct);
 190:Core/Src/stm32f4xx_hal_msp.c **** 
 191:Core/Src/stm32f4xx_hal_msp.c ****   /* USER CODE BEGIN SDIO_MspInit 1 */
ARM GAS  C:\Users\lukas\AppData\Local\Temp\cc5QG2Wc.s 			page 10


 192:Core/Src/stm32f4xx_hal_msp.c **** 
 193:Core/Src/stm32f4xx_hal_msp.c ****   /* USER CODE END SDIO_MspInit 1 */
 194:Core/Src/stm32f4xx_hal_msp.c ****   }
 195:Core/Src/stm32f4xx_hal_msp.c **** 
 196:Core/Src/stm32f4xx_hal_msp.c **** }
 306              		.loc 1 196 1 view .LVU63
 307 0018 09B0     		add	sp, sp, #36
 308              	.LCFI9:
 309              		.cfi_remember_state
 310              		.cfi_def_cfa_offset 20
 311              		@ sp needed
 312 001a F0BD     		pop	{r4, r5, r6, r7, pc}
 313              	.LVL11:
 314              	.L23:
 315              	.LCFI10:
 316              		.cfi_restore_state
 164:Core/Src/stm32f4xx_hal_msp.c **** 
 317              		.loc 1 164 5 is_stmt 1 view .LVU64
 318              	.LBB6:
 164:Core/Src/stm32f4xx_hal_msp.c **** 
 319              		.loc 1 164 5 view .LVU65
 320 001c 0024     		movs	r4, #0
 321 001e 0094     		str	r4, [sp]
 164:Core/Src/stm32f4xx_hal_msp.c **** 
 322              		.loc 1 164 5 view .LVU66
 323 0020 03F58633 		add	r3, r3, #68608
 324 0024 5A6C     		ldr	r2, [r3, #68]
 325 0026 42F40062 		orr	r2, r2, #2048
 326 002a 5A64     		str	r2, [r3, #68]
 164:Core/Src/stm32f4xx_hal_msp.c **** 
 327              		.loc 1 164 5 view .LVU67
 328 002c 5A6C     		ldr	r2, [r3, #68]
 329 002e 02F40062 		and	r2, r2, #2048
 330 0032 0092     		str	r2, [sp]
 164:Core/Src/stm32f4xx_hal_msp.c **** 
 331              		.loc 1 164 5 view .LVU68
 332 0034 009A     		ldr	r2, [sp]
 333              	.LBE6:
 164:Core/Src/stm32f4xx_hal_msp.c **** 
 334              		.loc 1 164 5 view .LVU69
 166:Core/Src/stm32f4xx_hal_msp.c ****     __HAL_RCC_GPIOD_CLK_ENABLE();
 335              		.loc 1 166 5 view .LVU70
 336              	.LBB7:
 166:Core/Src/stm32f4xx_hal_msp.c ****     __HAL_RCC_GPIOD_CLK_ENABLE();
 337              		.loc 1 166 5 view .LVU71
 338 0036 0194     		str	r4, [sp, #4]
 166:Core/Src/stm32f4xx_hal_msp.c ****     __HAL_RCC_GPIOD_CLK_ENABLE();
 339              		.loc 1 166 5 view .LVU72
 340 0038 1A6B     		ldr	r2, [r3, #48]
 341 003a 42F00402 		orr	r2, r2, #4
 342 003e 1A63     		str	r2, [r3, #48]
 166:Core/Src/stm32f4xx_hal_msp.c ****     __HAL_RCC_GPIOD_CLK_ENABLE();
 343              		.loc 1 166 5 view .LVU73
 344 0040 1A6B     		ldr	r2, [r3, #48]
 345 0042 02F00402 		and	r2, r2, #4
 346 0046 0192     		str	r2, [sp, #4]
 166:Core/Src/stm32f4xx_hal_msp.c ****     __HAL_RCC_GPIOD_CLK_ENABLE();
ARM GAS  C:\Users\lukas\AppData\Local\Temp\cc5QG2Wc.s 			page 11


 347              		.loc 1 166 5 view .LVU74
 348 0048 019A     		ldr	r2, [sp, #4]
 349              	.LBE7:
 166:Core/Src/stm32f4xx_hal_msp.c ****     __HAL_RCC_GPIOD_CLK_ENABLE();
 350              		.loc 1 166 5 view .LVU75
 167:Core/Src/stm32f4xx_hal_msp.c ****     /**SDIO GPIO Configuration
 351              		.loc 1 167 5 view .LVU76
 352              	.LBB8:
 167:Core/Src/stm32f4xx_hal_msp.c ****     /**SDIO GPIO Configuration
 353              		.loc 1 167 5 view .LVU77
 354 004a 0294     		str	r4, [sp, #8]
 167:Core/Src/stm32f4xx_hal_msp.c ****     /**SDIO GPIO Configuration
 355              		.loc 1 167 5 view .LVU78
 356 004c 1A6B     		ldr	r2, [r3, #48]
 357 004e 42F00802 		orr	r2, r2, #8
 358 0052 1A63     		str	r2, [r3, #48]
 167:Core/Src/stm32f4xx_hal_msp.c ****     /**SDIO GPIO Configuration
 359              		.loc 1 167 5 view .LVU79
 360 0054 1B6B     		ldr	r3, [r3, #48]
 361 0056 03F00803 		and	r3, r3, #8
 362 005a 0293     		str	r3, [sp, #8]
 167:Core/Src/stm32f4xx_hal_msp.c ****     /**SDIO GPIO Configuration
 363              		.loc 1 167 5 view .LVU80
 364 005c 029B     		ldr	r3, [sp, #8]
 365              	.LBE8:
 167:Core/Src/stm32f4xx_hal_msp.c ****     /**SDIO GPIO Configuration
 366              		.loc 1 167 5 view .LVU81
 176:Core/Src/stm32f4xx_hal_msp.c ****                           |GPIO_PIN_12;
 367              		.loc 1 176 5 view .LVU82
 176:Core/Src/stm32f4xx_hal_msp.c ****                           |GPIO_PIN_12;
 368              		.loc 1 176 25 is_stmt 0 view .LVU83
 369 005e 4FF4F853 		mov	r3, #7936
 370 0062 0393     		str	r3, [sp, #12]
 178:Core/Src/stm32f4xx_hal_msp.c ****     GPIO_InitStruct.Pull = GPIO_NOPULL;
 371              		.loc 1 178 5 is_stmt 1 view .LVU84
 178:Core/Src/stm32f4xx_hal_msp.c ****     GPIO_InitStruct.Pull = GPIO_NOPULL;
 372              		.loc 1 178 26 is_stmt 0 view .LVU85
 373 0064 0227     		movs	r7, #2
 374 0066 0497     		str	r7, [sp, #16]
 179:Core/Src/stm32f4xx_hal_msp.c ****     GPIO_InitStruct.Speed = GPIO_SPEED_FREQ_VERY_HIGH;
 375              		.loc 1 179 5 is_stmt 1 view .LVU86
 180:Core/Src/stm32f4xx_hal_msp.c ****     GPIO_InitStruct.Alternate = GPIO_AF12_SDIO;
 376              		.loc 1 180 5 view .LVU87
 180:Core/Src/stm32f4xx_hal_msp.c ****     GPIO_InitStruct.Alternate = GPIO_AF12_SDIO;
 377              		.loc 1 180 27 is_stmt 0 view .LVU88
 378 0068 0326     		movs	r6, #3
 379 006a 0696     		str	r6, [sp, #24]
 181:Core/Src/stm32f4xx_hal_msp.c ****     HAL_GPIO_Init(GPIOC, &GPIO_InitStruct);
 380              		.loc 1 181 5 is_stmt 1 view .LVU89
 181:Core/Src/stm32f4xx_hal_msp.c ****     HAL_GPIO_Init(GPIOC, &GPIO_InitStruct);
 381              		.loc 1 181 31 is_stmt 0 view .LVU90
 382 006c 0C25     		movs	r5, #12
 383 006e 0795     		str	r5, [sp, #28]
 182:Core/Src/stm32f4xx_hal_msp.c **** 
 384              		.loc 1 182 5 is_stmt 1 view .LVU91
 385 0070 0DEB0501 		add	r1, sp, r5
 386 0074 0848     		ldr	r0, .L24+4
ARM GAS  C:\Users\lukas\AppData\Local\Temp\cc5QG2Wc.s 			page 12


 387              	.LVL12:
 182:Core/Src/stm32f4xx_hal_msp.c **** 
 388              		.loc 1 182 5 is_stmt 0 view .LVU92
 389 0076 FFF7FEFF 		bl	HAL_GPIO_Init
 390              	.LVL13:
 184:Core/Src/stm32f4xx_hal_msp.c ****     GPIO_InitStruct.Mode = GPIO_MODE_AF_PP;
 391              		.loc 1 184 5 is_stmt 1 view .LVU93
 184:Core/Src/stm32f4xx_hal_msp.c ****     GPIO_InitStruct.Mode = GPIO_MODE_AF_PP;
 392              		.loc 1 184 25 is_stmt 0 view .LVU94
 393 007a 0423     		movs	r3, #4
 394 007c 0393     		str	r3, [sp, #12]
 185:Core/Src/stm32f4xx_hal_msp.c ****     GPIO_InitStruct.Pull = GPIO_NOPULL;
 395              		.loc 1 185 5 is_stmt 1 view .LVU95
 185:Core/Src/stm32f4xx_hal_msp.c ****     GPIO_InitStruct.Pull = GPIO_NOPULL;
 396              		.loc 1 185 26 is_stmt 0 view .LVU96
 397 007e 0497     		str	r7, [sp, #16]
 186:Core/Src/stm32f4xx_hal_msp.c ****     GPIO_InitStruct.Speed = GPIO_SPEED_FREQ_VERY_HIGH;
 398              		.loc 1 186 5 is_stmt 1 view .LVU97
 186:Core/Src/stm32f4xx_hal_msp.c ****     GPIO_InitStruct.Speed = GPIO_SPEED_FREQ_VERY_HIGH;
 399              		.loc 1 186 26 is_stmt 0 view .LVU98
 400 0080 0594     		str	r4, [sp, #20]
 187:Core/Src/stm32f4xx_hal_msp.c ****     GPIO_InitStruct.Alternate = GPIO_AF12_SDIO;
 401              		.loc 1 187 5 is_stmt 1 view .LVU99
 187:Core/Src/stm32f4xx_hal_msp.c ****     GPIO_InitStruct.Alternate = GPIO_AF12_SDIO;
 402              		.loc 1 187 27 is_stmt 0 view .LVU100
 403 0082 0696     		str	r6, [sp, #24]
 188:Core/Src/stm32f4xx_hal_msp.c ****     HAL_GPIO_Init(GPIOD, &GPIO_InitStruct);
 404              		.loc 1 188 5 is_stmt 1 view .LVU101
 188:Core/Src/stm32f4xx_hal_msp.c ****     HAL_GPIO_Init(GPIOD, &GPIO_InitStruct);
 405              		.loc 1 188 31 is_stmt 0 view .LVU102
 406 0084 0795     		str	r5, [sp, #28]
 189:Core/Src/stm32f4xx_hal_msp.c **** 
 407              		.loc 1 189 5 is_stmt 1 view .LVU103
 408 0086 0DEB0501 		add	r1, sp, r5
 409 008a 0448     		ldr	r0, .L24+8
 410 008c FFF7FEFF 		bl	HAL_GPIO_Init
 411              	.LVL14:
 412              		.loc 1 196 1 is_stmt 0 view .LVU104
 413 0090 C2E7     		b	.L20
 414              	.L25:
 415 0092 00BF     		.align	2
 416              	.L24:
 417 0094 002C0140 		.word	1073818624
 418 0098 00080240 		.word	1073874944
 419 009c 000C0240 		.word	1073875968
 420              		.cfi_endproc
 421              	.LFE133:
 423              		.section	.text.HAL_SD_MspDeInit,"ax",%progbits
 424              		.align	1
 425              		.global	HAL_SD_MspDeInit
 426              		.syntax unified
 427              		.thumb
 428              		.thumb_func
 430              	HAL_SD_MspDeInit:
 431              	.LVL15:
 432              	.LFB134:
 197:Core/Src/stm32f4xx_hal_msp.c **** 
ARM GAS  C:\Users\lukas\AppData\Local\Temp\cc5QG2Wc.s 			page 13


 198:Core/Src/stm32f4xx_hal_msp.c **** /**
 199:Core/Src/stm32f4xx_hal_msp.c **** * @brief SD MSP De-Initialization
 200:Core/Src/stm32f4xx_hal_msp.c **** * This function freeze the hardware resources used in this example
 201:Core/Src/stm32f4xx_hal_msp.c **** * @param hsd: SD handle pointer
 202:Core/Src/stm32f4xx_hal_msp.c **** * @retval None
 203:Core/Src/stm32f4xx_hal_msp.c **** */
 204:Core/Src/stm32f4xx_hal_msp.c **** void HAL_SD_MspDeInit(SD_HandleTypeDef* hsd)
 205:Core/Src/stm32f4xx_hal_msp.c **** {
 433              		.loc 1 205 1 is_stmt 1 view -0
 434              		.cfi_startproc
 435              		@ args = 0, pretend = 0, frame = 0
 436              		@ frame_needed = 0, uses_anonymous_args = 0
 437              		.loc 1 205 1 is_stmt 0 view .LVU106
 438 0000 08B5     		push	{r3, lr}
 439              	.LCFI11:
 440              		.cfi_def_cfa_offset 8
 441              		.cfi_offset 3, -8
 442              		.cfi_offset 14, -4
 206:Core/Src/stm32f4xx_hal_msp.c ****   if(hsd->Instance==SDIO)
 443              		.loc 1 206 3 is_stmt 1 view .LVU107
 444              		.loc 1 206 9 is_stmt 0 view .LVU108
 445 0002 0268     		ldr	r2, [r0]
 446              		.loc 1 206 5 view .LVU109
 447 0004 094B     		ldr	r3, .L30
 448 0006 9A42     		cmp	r2, r3
 449 0008 00D0     		beq	.L29
 450              	.LVL16:
 451              	.L26:
 207:Core/Src/stm32f4xx_hal_msp.c ****   {
 208:Core/Src/stm32f4xx_hal_msp.c ****   /* USER CODE BEGIN SDIO_MspDeInit 0 */
 209:Core/Src/stm32f4xx_hal_msp.c **** 
 210:Core/Src/stm32f4xx_hal_msp.c ****   /* USER CODE END SDIO_MspDeInit 0 */
 211:Core/Src/stm32f4xx_hal_msp.c ****     /* Peripheral clock disable */
 212:Core/Src/stm32f4xx_hal_msp.c ****     __HAL_RCC_SDIO_CLK_DISABLE();
 213:Core/Src/stm32f4xx_hal_msp.c **** 
 214:Core/Src/stm32f4xx_hal_msp.c ****     /**SDIO GPIO Configuration
 215:Core/Src/stm32f4xx_hal_msp.c ****     PC8     ------> SDIO_D0
 216:Core/Src/stm32f4xx_hal_msp.c ****     PC9     ------> SDIO_D1
 217:Core/Src/stm32f4xx_hal_msp.c ****     PC10     ------> SDIO_D2
 218:Core/Src/stm32f4xx_hal_msp.c ****     PC11     ------> SDIO_D3
 219:Core/Src/stm32f4xx_hal_msp.c ****     PC12     ------> SDIO_CK
 220:Core/Src/stm32f4xx_hal_msp.c ****     PD2     ------> SDIO_CMD
 221:Core/Src/stm32f4xx_hal_msp.c ****     */
 222:Core/Src/stm32f4xx_hal_msp.c ****     HAL_GPIO_DeInit(GPIOC, GPIO_PIN_8|GPIO_PIN_9|GPIO_PIN_10|GPIO_PIN_11
 223:Core/Src/stm32f4xx_hal_msp.c ****                           |GPIO_PIN_12);
 224:Core/Src/stm32f4xx_hal_msp.c **** 
 225:Core/Src/stm32f4xx_hal_msp.c ****     HAL_GPIO_DeInit(GPIOD, GPIO_PIN_2);
 226:Core/Src/stm32f4xx_hal_msp.c **** 
 227:Core/Src/stm32f4xx_hal_msp.c ****   /* USER CODE BEGIN SDIO_MspDeInit 1 */
 228:Core/Src/stm32f4xx_hal_msp.c **** 
 229:Core/Src/stm32f4xx_hal_msp.c ****   /* USER CODE END SDIO_MspDeInit 1 */
 230:Core/Src/stm32f4xx_hal_msp.c ****   }
 231:Core/Src/stm32f4xx_hal_msp.c **** 
 232:Core/Src/stm32f4xx_hal_msp.c **** }
 452              		.loc 1 232 1 view .LVU110
 453 000a 08BD     		pop	{r3, pc}
 454              	.LVL17:
ARM GAS  C:\Users\lukas\AppData\Local\Temp\cc5QG2Wc.s 			page 14


 455              	.L29:
 212:Core/Src/stm32f4xx_hal_msp.c **** 
 456              		.loc 1 212 5 is_stmt 1 view .LVU111
 457 000c 084A     		ldr	r2, .L30+4
 458 000e 536C     		ldr	r3, [r2, #68]
 459 0010 23F40063 		bic	r3, r3, #2048
 460 0014 5364     		str	r3, [r2, #68]
 222:Core/Src/stm32f4xx_hal_msp.c ****                           |GPIO_PIN_12);
 461              		.loc 1 222 5 view .LVU112
 462 0016 4FF4F851 		mov	r1, #7936
 463 001a 0648     		ldr	r0, .L30+8
 464              	.LVL18:
 222:Core/Src/stm32f4xx_hal_msp.c ****                           |GPIO_PIN_12);
 465              		.loc 1 222 5 is_stmt 0 view .LVU113
 466 001c FFF7FEFF 		bl	HAL_GPIO_DeInit
 467              	.LVL19:
 225:Core/Src/stm32f4xx_hal_msp.c **** 
 468              		.loc 1 225 5 is_stmt 1 view .LVU114
 469 0020 0421     		movs	r1, #4
 470 0022 0548     		ldr	r0, .L30+12
 471 0024 FFF7FEFF 		bl	HAL_GPIO_DeInit
 472              	.LVL20:
 473              		.loc 1 232 1 is_stmt 0 view .LVU115
 474 0028 EFE7     		b	.L26
 475              	.L31:
 476 002a 00BF     		.align	2
 477              	.L30:
 478 002c 002C0140 		.word	1073818624
 479 0030 00380240 		.word	1073887232
 480 0034 00080240 		.word	1073874944
 481 0038 000C0240 		.word	1073875968
 482              		.cfi_endproc
 483              	.LFE134:
 485              		.section	.text.HAL_TIM_Base_MspInit,"ax",%progbits
 486              		.align	1
 487              		.global	HAL_TIM_Base_MspInit
 488              		.syntax unified
 489              		.thumb
 490              		.thumb_func
 492              	HAL_TIM_Base_MspInit:
 493              	.LVL21:
 494              	.LFB135:
 233:Core/Src/stm32f4xx_hal_msp.c **** 
 234:Core/Src/stm32f4xx_hal_msp.c **** /**
 235:Core/Src/stm32f4xx_hal_msp.c **** * @brief TIM_Base MSP Initialization
 236:Core/Src/stm32f4xx_hal_msp.c **** * This function configures the hardware resources used in this example
 237:Core/Src/stm32f4xx_hal_msp.c **** * @param htim_base: TIM_Base handle pointer
 238:Core/Src/stm32f4xx_hal_msp.c **** * @retval None
 239:Core/Src/stm32f4xx_hal_msp.c **** */
 240:Core/Src/stm32f4xx_hal_msp.c **** void HAL_TIM_Base_MspInit(TIM_HandleTypeDef* htim_base)
 241:Core/Src/stm32f4xx_hal_msp.c **** {
 495              		.loc 1 241 1 is_stmt 1 view -0
 496              		.cfi_startproc
 497              		@ args = 0, pretend = 0, frame = 16
 498              		@ frame_needed = 0, uses_anonymous_args = 0
 499              		@ link register save eliminated.
 500              		.loc 1 241 1 is_stmt 0 view .LVU117
ARM GAS  C:\Users\lukas\AppData\Local\Temp\cc5QG2Wc.s 			page 15


 501 0000 84B0     		sub	sp, sp, #16
 502              	.LCFI12:
 503              		.cfi_def_cfa_offset 16
 242:Core/Src/stm32f4xx_hal_msp.c ****   if(htim_base->Instance==TIM2)
 504              		.loc 1 242 3 is_stmt 1 view .LVU118
 505              		.loc 1 242 15 is_stmt 0 view .LVU119
 506 0002 0368     		ldr	r3, [r0]
 507              		.loc 1 242 5 view .LVU120
 508 0004 B3F1804F 		cmp	r3, #1073741824
 509 0008 07D0     		beq	.L37
 243:Core/Src/stm32f4xx_hal_msp.c ****   {
 244:Core/Src/stm32f4xx_hal_msp.c ****   /* USER CODE BEGIN TIM2_MspInit 0 */
 245:Core/Src/stm32f4xx_hal_msp.c **** 
 246:Core/Src/stm32f4xx_hal_msp.c ****   /* USER CODE END TIM2_MspInit 0 */
 247:Core/Src/stm32f4xx_hal_msp.c ****     /* Peripheral clock enable */
 248:Core/Src/stm32f4xx_hal_msp.c ****     __HAL_RCC_TIM2_CLK_ENABLE();
 249:Core/Src/stm32f4xx_hal_msp.c ****   /* USER CODE BEGIN TIM2_MspInit 1 */
 250:Core/Src/stm32f4xx_hal_msp.c **** 
 251:Core/Src/stm32f4xx_hal_msp.c ****   /* USER CODE END TIM2_MspInit 1 */
 252:Core/Src/stm32f4xx_hal_msp.c ****   }
 253:Core/Src/stm32f4xx_hal_msp.c ****   else if(htim_base->Instance==TIM3)
 510              		.loc 1 253 8 is_stmt 1 view .LVU121
 511              		.loc 1 253 10 is_stmt 0 view .LVU122
 512 000a 174A     		ldr	r2, .L40
 513 000c 9342     		cmp	r3, r2
 514 000e 11D0     		beq	.L38
 254:Core/Src/stm32f4xx_hal_msp.c ****   {
 255:Core/Src/stm32f4xx_hal_msp.c ****   /* USER CODE BEGIN TIM3_MspInit 0 */
 256:Core/Src/stm32f4xx_hal_msp.c **** 
 257:Core/Src/stm32f4xx_hal_msp.c ****   /* USER CODE END TIM3_MspInit 0 */
 258:Core/Src/stm32f4xx_hal_msp.c ****     /* Peripheral clock enable */
 259:Core/Src/stm32f4xx_hal_msp.c ****     __HAL_RCC_TIM3_CLK_ENABLE();
 260:Core/Src/stm32f4xx_hal_msp.c ****   /* USER CODE BEGIN TIM3_MspInit 1 */
 261:Core/Src/stm32f4xx_hal_msp.c **** 
 262:Core/Src/stm32f4xx_hal_msp.c ****   /* USER CODE END TIM3_MspInit 1 */
 263:Core/Src/stm32f4xx_hal_msp.c ****   }
 264:Core/Src/stm32f4xx_hal_msp.c ****   else if(htim_base->Instance==TIM5)
 515              		.loc 1 264 8 is_stmt 1 view .LVU123
 516              		.loc 1 264 10 is_stmt 0 view .LVU124
 517 0010 164A     		ldr	r2, .L40+4
 518 0012 9342     		cmp	r3, r2
 519 0014 1BD0     		beq	.L39
 520              	.L32:
 265:Core/Src/stm32f4xx_hal_msp.c ****   {
 266:Core/Src/stm32f4xx_hal_msp.c ****   /* USER CODE BEGIN TIM5_MspInit 0 */
 267:Core/Src/stm32f4xx_hal_msp.c **** 
 268:Core/Src/stm32f4xx_hal_msp.c ****   /* USER CODE END TIM5_MspInit 0 */
 269:Core/Src/stm32f4xx_hal_msp.c ****     /* Peripheral clock enable */
 270:Core/Src/stm32f4xx_hal_msp.c ****     __HAL_RCC_TIM5_CLK_ENABLE();
 271:Core/Src/stm32f4xx_hal_msp.c ****   /* USER CODE BEGIN TIM5_MspInit 1 */
 272:Core/Src/stm32f4xx_hal_msp.c **** 
 273:Core/Src/stm32f4xx_hal_msp.c ****   /* USER CODE END TIM5_MspInit 1 */
 274:Core/Src/stm32f4xx_hal_msp.c ****   }
 275:Core/Src/stm32f4xx_hal_msp.c **** 
 276:Core/Src/stm32f4xx_hal_msp.c **** }
 521              		.loc 1 276 1 view .LVU125
 522 0016 04B0     		add	sp, sp, #16
ARM GAS  C:\Users\lukas\AppData\Local\Temp\cc5QG2Wc.s 			page 16


 523              	.LCFI13:
 524              		.cfi_remember_state
 525              		.cfi_def_cfa_offset 0
 526              		@ sp needed
 527 0018 7047     		bx	lr
 528              	.L37:
 529              	.LCFI14:
 530              		.cfi_restore_state
 248:Core/Src/stm32f4xx_hal_msp.c ****   /* USER CODE BEGIN TIM2_MspInit 1 */
 531              		.loc 1 248 5 is_stmt 1 view .LVU126
 532              	.LBB9:
 248:Core/Src/stm32f4xx_hal_msp.c ****   /* USER CODE BEGIN TIM2_MspInit 1 */
 533              		.loc 1 248 5 view .LVU127
 534 001a 0023     		movs	r3, #0
 535 001c 0193     		str	r3, [sp, #4]
 248:Core/Src/stm32f4xx_hal_msp.c ****   /* USER CODE BEGIN TIM2_MspInit 1 */
 536              		.loc 1 248 5 view .LVU128
 537 001e 144B     		ldr	r3, .L40+8
 538 0020 1A6C     		ldr	r2, [r3, #64]
 539 0022 42F00102 		orr	r2, r2, #1
 540 0026 1A64     		str	r2, [r3, #64]
 248:Core/Src/stm32f4xx_hal_msp.c ****   /* USER CODE BEGIN TIM2_MspInit 1 */
 541              		.loc 1 248 5 view .LVU129
 542 0028 1B6C     		ldr	r3, [r3, #64]
 543 002a 03F00103 		and	r3, r3, #1
 544 002e 0193     		str	r3, [sp, #4]
 248:Core/Src/stm32f4xx_hal_msp.c ****   /* USER CODE BEGIN TIM2_MspInit 1 */
 545              		.loc 1 248 5 view .LVU130
 546 0030 019B     		ldr	r3, [sp, #4]
 547              	.LBE9:
 248:Core/Src/stm32f4xx_hal_msp.c ****   /* USER CODE BEGIN TIM2_MspInit 1 */
 548              		.loc 1 248 5 view .LVU131
 549 0032 F0E7     		b	.L32
 550              	.L38:
 259:Core/Src/stm32f4xx_hal_msp.c ****   /* USER CODE BEGIN TIM3_MspInit 1 */
 551              		.loc 1 259 5 view .LVU132
 552              	.LBB10:
 259:Core/Src/stm32f4xx_hal_msp.c ****   /* USER CODE BEGIN TIM3_MspInit 1 */
 553              		.loc 1 259 5 view .LVU133
 554 0034 0023     		movs	r3, #0
 555 0036 0293     		str	r3, [sp, #8]
 259:Core/Src/stm32f4xx_hal_msp.c ****   /* USER CODE BEGIN TIM3_MspInit 1 */
 556              		.loc 1 259 5 view .LVU134
 557 0038 0D4B     		ldr	r3, .L40+8
 558 003a 1A6C     		ldr	r2, [r3, #64]
 559 003c 42F00202 		orr	r2, r2, #2
 560 0040 1A64     		str	r2, [r3, #64]
 259:Core/Src/stm32f4xx_hal_msp.c ****   /* USER CODE BEGIN TIM3_MspInit 1 */
 561              		.loc 1 259 5 view .LVU135
 562 0042 1B6C     		ldr	r3, [r3, #64]
 563 0044 03F00203 		and	r3, r3, #2
 564 0048 0293     		str	r3, [sp, #8]
 259:Core/Src/stm32f4xx_hal_msp.c ****   /* USER CODE BEGIN TIM3_MspInit 1 */
 565              		.loc 1 259 5 view .LVU136
 566 004a 029B     		ldr	r3, [sp, #8]
 567              	.LBE10:
 259:Core/Src/stm32f4xx_hal_msp.c ****   /* USER CODE BEGIN TIM3_MspInit 1 */
ARM GAS  C:\Users\lukas\AppData\Local\Temp\cc5QG2Wc.s 			page 17


 568              		.loc 1 259 5 view .LVU137
 569 004c E3E7     		b	.L32
 570              	.L39:
 270:Core/Src/stm32f4xx_hal_msp.c ****   /* USER CODE BEGIN TIM5_MspInit 1 */
 571              		.loc 1 270 5 view .LVU138
 572              	.LBB11:
 270:Core/Src/stm32f4xx_hal_msp.c ****   /* USER CODE BEGIN TIM5_MspInit 1 */
 573              		.loc 1 270 5 view .LVU139
 574 004e 0023     		movs	r3, #0
 575 0050 0393     		str	r3, [sp, #12]
 270:Core/Src/stm32f4xx_hal_msp.c ****   /* USER CODE BEGIN TIM5_MspInit 1 */
 576              		.loc 1 270 5 view .LVU140
 577 0052 074B     		ldr	r3, .L40+8
 578 0054 1A6C     		ldr	r2, [r3, #64]
 579 0056 42F00802 		orr	r2, r2, #8
 580 005a 1A64     		str	r2, [r3, #64]
 270:Core/Src/stm32f4xx_hal_msp.c ****   /* USER CODE BEGIN TIM5_MspInit 1 */
 581              		.loc 1 270 5 view .LVU141
 582 005c 1B6C     		ldr	r3, [r3, #64]
 583 005e 03F00803 		and	r3, r3, #8
 584 0062 0393     		str	r3, [sp, #12]
 270:Core/Src/stm32f4xx_hal_msp.c ****   /* USER CODE BEGIN TIM5_MspInit 1 */
 585              		.loc 1 270 5 view .LVU142
 586 0064 039B     		ldr	r3, [sp, #12]
 587              	.LBE11:
 270:Core/Src/stm32f4xx_hal_msp.c ****   /* USER CODE BEGIN TIM5_MspInit 1 */
 588              		.loc 1 270 5 view .LVU143
 589              		.loc 1 276 1 is_stmt 0 view .LVU144
 590 0066 D6E7     		b	.L32
 591              	.L41:
 592              		.align	2
 593              	.L40:
 594 0068 00040040 		.word	1073742848
 595 006c 000C0040 		.word	1073744896
 596 0070 00380240 		.word	1073887232
 597              		.cfi_endproc
 598              	.LFE135:
 600              		.section	.text.HAL_TIM_MspPostInit,"ax",%progbits
 601              		.align	1
 602              		.global	HAL_TIM_MspPostInit
 603              		.syntax unified
 604              		.thumb
 605              		.thumb_func
 607              	HAL_TIM_MspPostInit:
 608              	.LVL22:
 609              	.LFB136:
 277:Core/Src/stm32f4xx_hal_msp.c **** 
 278:Core/Src/stm32f4xx_hal_msp.c **** void HAL_TIM_MspPostInit(TIM_HandleTypeDef* htim)
 279:Core/Src/stm32f4xx_hal_msp.c **** {
 610              		.loc 1 279 1 is_stmt 1 view -0
 611              		.cfi_startproc
 612              		@ args = 0, pretend = 0, frame = 32
 613              		@ frame_needed = 0, uses_anonymous_args = 0
 614              		.loc 1 279 1 is_stmt 0 view .LVU146
 615 0000 00B5     		push	{lr}
 616              	.LCFI15:
 617              		.cfi_def_cfa_offset 4
ARM GAS  C:\Users\lukas\AppData\Local\Temp\cc5QG2Wc.s 			page 18


 618              		.cfi_offset 14, -4
 619 0002 89B0     		sub	sp, sp, #36
 620              	.LCFI16:
 621              		.cfi_def_cfa_offset 40
 280:Core/Src/stm32f4xx_hal_msp.c ****   GPIO_InitTypeDef GPIO_InitStruct = {0};
 622              		.loc 1 280 3 is_stmt 1 view .LVU147
 623              		.loc 1 280 20 is_stmt 0 view .LVU148
 624 0004 0023     		movs	r3, #0
 625 0006 0393     		str	r3, [sp, #12]
 626 0008 0493     		str	r3, [sp, #16]
 627 000a 0593     		str	r3, [sp, #20]
 628 000c 0693     		str	r3, [sp, #24]
 629 000e 0793     		str	r3, [sp, #28]
 281:Core/Src/stm32f4xx_hal_msp.c ****   if(htim->Instance==TIM2)
 630              		.loc 1 281 3 is_stmt 1 view .LVU149
 631              		.loc 1 281 10 is_stmt 0 view .LVU150
 632 0010 0368     		ldr	r3, [r0]
 633              		.loc 1 281 5 view .LVU151
 634 0012 B3F1804F 		cmp	r3, #1073741824
 635 0016 08D0     		beq	.L47
 282:Core/Src/stm32f4xx_hal_msp.c ****   {
 283:Core/Src/stm32f4xx_hal_msp.c ****   /* USER CODE BEGIN TIM2_MspPostInit 0 */
 284:Core/Src/stm32f4xx_hal_msp.c **** 
 285:Core/Src/stm32f4xx_hal_msp.c ****   /* USER CODE END TIM2_MspPostInit 0 */
 286:Core/Src/stm32f4xx_hal_msp.c ****     __HAL_RCC_GPIOA_CLK_ENABLE();
 287:Core/Src/stm32f4xx_hal_msp.c ****     /**TIM2 GPIO Configuration
 288:Core/Src/stm32f4xx_hal_msp.c ****     PA15     ------> TIM2_CH1
 289:Core/Src/stm32f4xx_hal_msp.c ****     */
 290:Core/Src/stm32f4xx_hal_msp.c ****     GPIO_InitStruct.Pin = GPIO_PIN_15;
 291:Core/Src/stm32f4xx_hal_msp.c ****     GPIO_InitStruct.Mode = GPIO_MODE_AF_PP;
 292:Core/Src/stm32f4xx_hal_msp.c ****     GPIO_InitStruct.Pull = GPIO_NOPULL;
 293:Core/Src/stm32f4xx_hal_msp.c ****     GPIO_InitStruct.Speed = GPIO_SPEED_FREQ_LOW;
 294:Core/Src/stm32f4xx_hal_msp.c ****     GPIO_InitStruct.Alternate = GPIO_AF1_TIM2;
 295:Core/Src/stm32f4xx_hal_msp.c ****     HAL_GPIO_Init(GPIOA, &GPIO_InitStruct);
 296:Core/Src/stm32f4xx_hal_msp.c **** 
 297:Core/Src/stm32f4xx_hal_msp.c ****   /* USER CODE BEGIN TIM2_MspPostInit 1 */
 298:Core/Src/stm32f4xx_hal_msp.c **** 
 299:Core/Src/stm32f4xx_hal_msp.c ****   /* USER CODE END TIM2_MspPostInit 1 */
 300:Core/Src/stm32f4xx_hal_msp.c ****   }
 301:Core/Src/stm32f4xx_hal_msp.c ****   else if(htim->Instance==TIM3)
 636              		.loc 1 301 8 is_stmt 1 view .LVU152
 637              		.loc 1 301 10 is_stmt 0 view .LVU153
 638 0018 264A     		ldr	r2, .L50
 639 001a 9342     		cmp	r3, r2
 640 001c 1DD0     		beq	.L48
 302:Core/Src/stm32f4xx_hal_msp.c ****   {
 303:Core/Src/stm32f4xx_hal_msp.c ****   /* USER CODE BEGIN TIM3_MspPostInit 0 */
 304:Core/Src/stm32f4xx_hal_msp.c **** 
 305:Core/Src/stm32f4xx_hal_msp.c ****   /* USER CODE END TIM3_MspPostInit 0 */
 306:Core/Src/stm32f4xx_hal_msp.c **** 
 307:Core/Src/stm32f4xx_hal_msp.c ****     __HAL_RCC_GPIOC_CLK_ENABLE();
 308:Core/Src/stm32f4xx_hal_msp.c ****     /**TIM3 GPIO Configuration
 309:Core/Src/stm32f4xx_hal_msp.c ****     PC6     ------> TIM3_CH1
 310:Core/Src/stm32f4xx_hal_msp.c ****     */
 311:Core/Src/stm32f4xx_hal_msp.c ****     GPIO_InitStruct.Pin = GPIO_PIN_6;
 312:Core/Src/stm32f4xx_hal_msp.c ****     GPIO_InitStruct.Mode = GPIO_MODE_AF_PP;
 313:Core/Src/stm32f4xx_hal_msp.c ****     GPIO_InitStruct.Pull = GPIO_NOPULL;
ARM GAS  C:\Users\lukas\AppData\Local\Temp\cc5QG2Wc.s 			page 19


 314:Core/Src/stm32f4xx_hal_msp.c ****     GPIO_InitStruct.Speed = GPIO_SPEED_FREQ_LOW;
 315:Core/Src/stm32f4xx_hal_msp.c ****     GPIO_InitStruct.Alternate = GPIO_AF2_TIM3;
 316:Core/Src/stm32f4xx_hal_msp.c ****     HAL_GPIO_Init(GPIOC, &GPIO_InitStruct);
 317:Core/Src/stm32f4xx_hal_msp.c **** 
 318:Core/Src/stm32f4xx_hal_msp.c ****   /* USER CODE BEGIN TIM3_MspPostInit 1 */
 319:Core/Src/stm32f4xx_hal_msp.c **** 
 320:Core/Src/stm32f4xx_hal_msp.c ****   /* USER CODE END TIM3_MspPostInit 1 */
 321:Core/Src/stm32f4xx_hal_msp.c ****   }
 322:Core/Src/stm32f4xx_hal_msp.c ****   else if(htim->Instance==TIM5)
 641              		.loc 1 322 8 is_stmt 1 view .LVU154
 642              		.loc 1 322 10 is_stmt 0 view .LVU155
 643 001e 264A     		ldr	r2, .L50+4
 644 0020 9342     		cmp	r3, r2
 645 0022 30D0     		beq	.L49
 646              	.LVL23:
 647              	.L42:
 323:Core/Src/stm32f4xx_hal_msp.c ****   {
 324:Core/Src/stm32f4xx_hal_msp.c ****   /* USER CODE BEGIN TIM5_MspPostInit 0 */
 325:Core/Src/stm32f4xx_hal_msp.c **** 
 326:Core/Src/stm32f4xx_hal_msp.c ****   /* USER CODE END TIM5_MspPostInit 0 */
 327:Core/Src/stm32f4xx_hal_msp.c **** 
 328:Core/Src/stm32f4xx_hal_msp.c ****     __HAL_RCC_GPIOA_CLK_ENABLE();
 329:Core/Src/stm32f4xx_hal_msp.c ****     /**TIM5 GPIO Configuration
 330:Core/Src/stm32f4xx_hal_msp.c ****     PA0-WKUP     ------> TIM5_CH1
 331:Core/Src/stm32f4xx_hal_msp.c ****     PA1     ------> TIM5_CH2
 332:Core/Src/stm32f4xx_hal_msp.c ****     PA2     ------> TIM5_CH3
 333:Core/Src/stm32f4xx_hal_msp.c ****     PA3     ------> TIM5_CH4
 334:Core/Src/stm32f4xx_hal_msp.c ****     */
 335:Core/Src/stm32f4xx_hal_msp.c ****     GPIO_InitStruct.Pin = GPIO_PIN_0|GPIO_PIN_1|GPIO_PIN_2|GPIO_PIN_3;
 336:Core/Src/stm32f4xx_hal_msp.c ****     GPIO_InitStruct.Mode = GPIO_MODE_AF_PP;
 337:Core/Src/stm32f4xx_hal_msp.c ****     GPIO_InitStruct.Pull = GPIO_NOPULL;
 338:Core/Src/stm32f4xx_hal_msp.c ****     GPIO_InitStruct.Speed = GPIO_SPEED_FREQ_LOW;
 339:Core/Src/stm32f4xx_hal_msp.c ****     GPIO_InitStruct.Alternate = GPIO_AF2_TIM5;
 340:Core/Src/stm32f4xx_hal_msp.c ****     HAL_GPIO_Init(GPIOA, &GPIO_InitStruct);
 341:Core/Src/stm32f4xx_hal_msp.c **** 
 342:Core/Src/stm32f4xx_hal_msp.c ****   /* USER CODE BEGIN TIM5_MspPostInit 1 */
 343:Core/Src/stm32f4xx_hal_msp.c **** 
 344:Core/Src/stm32f4xx_hal_msp.c ****   /* USER CODE END TIM5_MspPostInit 1 */
 345:Core/Src/stm32f4xx_hal_msp.c ****   }
 346:Core/Src/stm32f4xx_hal_msp.c **** 
 347:Core/Src/stm32f4xx_hal_msp.c **** }
 648              		.loc 1 347 1 view .LVU156
 649 0024 09B0     		add	sp, sp, #36
 650              	.LCFI17:
 651              		.cfi_remember_state
 652              		.cfi_def_cfa_offset 4
 653              		@ sp needed
 654 0026 5DF804FB 		ldr	pc, [sp], #4
 655              	.LVL24:
 656              	.L47:
 657              	.LCFI18:
 658              		.cfi_restore_state
 286:Core/Src/stm32f4xx_hal_msp.c ****     /**TIM2 GPIO Configuration
 659              		.loc 1 286 5 is_stmt 1 view .LVU157
 660              	.LBB12:
 286:Core/Src/stm32f4xx_hal_msp.c ****     /**TIM2 GPIO Configuration
 661              		.loc 1 286 5 view .LVU158
ARM GAS  C:\Users\lukas\AppData\Local\Temp\cc5QG2Wc.s 			page 20


 662 002a 0023     		movs	r3, #0
 663 002c 0093     		str	r3, [sp]
 286:Core/Src/stm32f4xx_hal_msp.c ****     /**TIM2 GPIO Configuration
 664              		.loc 1 286 5 view .LVU159
 665 002e 234B     		ldr	r3, .L50+8
 666 0030 1A6B     		ldr	r2, [r3, #48]
 667 0032 42F00102 		orr	r2, r2, #1
 668 0036 1A63     		str	r2, [r3, #48]
 286:Core/Src/stm32f4xx_hal_msp.c ****     /**TIM2 GPIO Configuration
 669              		.loc 1 286 5 view .LVU160
 670 0038 1B6B     		ldr	r3, [r3, #48]
 671 003a 03F00103 		and	r3, r3, #1
 672 003e 0093     		str	r3, [sp]
 286:Core/Src/stm32f4xx_hal_msp.c ****     /**TIM2 GPIO Configuration
 673              		.loc 1 286 5 view .LVU161
 674 0040 009B     		ldr	r3, [sp]
 675              	.LBE12:
 286:Core/Src/stm32f4xx_hal_msp.c ****     /**TIM2 GPIO Configuration
 676              		.loc 1 286 5 view .LVU162
 290:Core/Src/stm32f4xx_hal_msp.c ****     GPIO_InitStruct.Mode = GPIO_MODE_AF_PP;
 677              		.loc 1 290 5 view .LVU163
 290:Core/Src/stm32f4xx_hal_msp.c ****     GPIO_InitStruct.Mode = GPIO_MODE_AF_PP;
 678              		.loc 1 290 25 is_stmt 0 view .LVU164
 679 0042 4FF40043 		mov	r3, #32768
 680 0046 0393     		str	r3, [sp, #12]
 291:Core/Src/stm32f4xx_hal_msp.c ****     GPIO_InitStruct.Pull = GPIO_NOPULL;
 681              		.loc 1 291 5 is_stmt 1 view .LVU165
 291:Core/Src/stm32f4xx_hal_msp.c ****     GPIO_InitStruct.Pull = GPIO_NOPULL;
 682              		.loc 1 291 26 is_stmt 0 view .LVU166
 683 0048 0223     		movs	r3, #2
 684 004a 0493     		str	r3, [sp, #16]
 292:Core/Src/stm32f4xx_hal_msp.c ****     GPIO_InitStruct.Speed = GPIO_SPEED_FREQ_LOW;
 685              		.loc 1 292 5 is_stmt 1 view .LVU167
 293:Core/Src/stm32f4xx_hal_msp.c ****     GPIO_InitStruct.Alternate = GPIO_AF1_TIM2;
 686              		.loc 1 293 5 view .LVU168
 294:Core/Src/stm32f4xx_hal_msp.c ****     HAL_GPIO_Init(GPIOA, &GPIO_InitStruct);
 687              		.loc 1 294 5 view .LVU169
 294:Core/Src/stm32f4xx_hal_msp.c ****     HAL_GPIO_Init(GPIOA, &GPIO_InitStruct);
 688              		.loc 1 294 31 is_stmt 0 view .LVU170
 689 004c 0123     		movs	r3, #1
 690 004e 0793     		str	r3, [sp, #28]
 295:Core/Src/stm32f4xx_hal_msp.c **** 
 691              		.loc 1 295 5 is_stmt 1 view .LVU171
 692 0050 03A9     		add	r1, sp, #12
 693 0052 1B48     		ldr	r0, .L50+12
 694              	.LVL25:
 295:Core/Src/stm32f4xx_hal_msp.c **** 
 695              		.loc 1 295 5 is_stmt 0 view .LVU172
 696 0054 FFF7FEFF 		bl	HAL_GPIO_Init
 697              	.LVL26:
 698 0058 E4E7     		b	.L42
 699              	.LVL27:
 700              	.L48:
 307:Core/Src/stm32f4xx_hal_msp.c ****     /**TIM3 GPIO Configuration
 701              		.loc 1 307 5 is_stmt 1 view .LVU173
 702              	.LBB13:
 307:Core/Src/stm32f4xx_hal_msp.c ****     /**TIM3 GPIO Configuration
ARM GAS  C:\Users\lukas\AppData\Local\Temp\cc5QG2Wc.s 			page 21


 703              		.loc 1 307 5 view .LVU174
 704 005a 0023     		movs	r3, #0
 705 005c 0193     		str	r3, [sp, #4]
 307:Core/Src/stm32f4xx_hal_msp.c ****     /**TIM3 GPIO Configuration
 706              		.loc 1 307 5 view .LVU175
 707 005e 174B     		ldr	r3, .L50+8
 708 0060 1A6B     		ldr	r2, [r3, #48]
 709 0062 42F00402 		orr	r2, r2, #4
 710 0066 1A63     		str	r2, [r3, #48]
 307:Core/Src/stm32f4xx_hal_msp.c ****     /**TIM3 GPIO Configuration
 711              		.loc 1 307 5 view .LVU176
 712 0068 1B6B     		ldr	r3, [r3, #48]
 713 006a 03F00403 		and	r3, r3, #4
 714 006e 0193     		str	r3, [sp, #4]
 307:Core/Src/stm32f4xx_hal_msp.c ****     /**TIM3 GPIO Configuration
 715              		.loc 1 307 5 view .LVU177
 716 0070 019B     		ldr	r3, [sp, #4]
 717              	.LBE13:
 307:Core/Src/stm32f4xx_hal_msp.c ****     /**TIM3 GPIO Configuration
 718              		.loc 1 307 5 view .LVU178
 311:Core/Src/stm32f4xx_hal_msp.c ****     GPIO_InitStruct.Mode = GPIO_MODE_AF_PP;
 719              		.loc 1 311 5 view .LVU179
 311:Core/Src/stm32f4xx_hal_msp.c ****     GPIO_InitStruct.Mode = GPIO_MODE_AF_PP;
 720              		.loc 1 311 25 is_stmt 0 view .LVU180
 721 0072 4023     		movs	r3, #64
 722 0074 0393     		str	r3, [sp, #12]
 312:Core/Src/stm32f4xx_hal_msp.c ****     GPIO_InitStruct.Pull = GPIO_NOPULL;
 723              		.loc 1 312 5 is_stmt 1 view .LVU181
 312:Core/Src/stm32f4xx_hal_msp.c ****     GPIO_InitStruct.Pull = GPIO_NOPULL;
 724              		.loc 1 312 26 is_stmt 0 view .LVU182
 725 0076 0223     		movs	r3, #2
 726 0078 0493     		str	r3, [sp, #16]
 313:Core/Src/stm32f4xx_hal_msp.c ****     GPIO_InitStruct.Speed = GPIO_SPEED_FREQ_LOW;
 727              		.loc 1 313 5 is_stmt 1 view .LVU183
 314:Core/Src/stm32f4xx_hal_msp.c ****     GPIO_InitStruct.Alternate = GPIO_AF2_TIM3;
 728              		.loc 1 314 5 view .LVU184
 315:Core/Src/stm32f4xx_hal_msp.c ****     HAL_GPIO_Init(GPIOC, &GPIO_InitStruct);
 729              		.loc 1 315 5 view .LVU185
 315:Core/Src/stm32f4xx_hal_msp.c ****     HAL_GPIO_Init(GPIOC, &GPIO_InitStruct);
 730              		.loc 1 315 31 is_stmt 0 view .LVU186
 731 007a 0793     		str	r3, [sp, #28]
 316:Core/Src/stm32f4xx_hal_msp.c **** 
 732              		.loc 1 316 5 is_stmt 1 view .LVU187
 733 007c 03A9     		add	r1, sp, #12
 734 007e 1148     		ldr	r0, .L50+16
 735              	.LVL28:
 316:Core/Src/stm32f4xx_hal_msp.c **** 
 736              		.loc 1 316 5 is_stmt 0 view .LVU188
 737 0080 FFF7FEFF 		bl	HAL_GPIO_Init
 738              	.LVL29:
 739 0084 CEE7     		b	.L42
 740              	.LVL30:
 741              	.L49:
 328:Core/Src/stm32f4xx_hal_msp.c ****     /**TIM5 GPIO Configuration
 742              		.loc 1 328 5 is_stmt 1 view .LVU189
 743              	.LBB14:
 328:Core/Src/stm32f4xx_hal_msp.c ****     /**TIM5 GPIO Configuration
ARM GAS  C:\Users\lukas\AppData\Local\Temp\cc5QG2Wc.s 			page 22


 744              		.loc 1 328 5 view .LVU190
 745 0086 0023     		movs	r3, #0
 746 0088 0293     		str	r3, [sp, #8]
 328:Core/Src/stm32f4xx_hal_msp.c ****     /**TIM5 GPIO Configuration
 747              		.loc 1 328 5 view .LVU191
 748 008a 0C4B     		ldr	r3, .L50+8
 749 008c 1A6B     		ldr	r2, [r3, #48]
 750 008e 42F00102 		orr	r2, r2, #1
 751 0092 1A63     		str	r2, [r3, #48]
 328:Core/Src/stm32f4xx_hal_msp.c ****     /**TIM5 GPIO Configuration
 752              		.loc 1 328 5 view .LVU192
 753 0094 1B6B     		ldr	r3, [r3, #48]
 754 0096 03F00103 		and	r3, r3, #1
 755 009a 0293     		str	r3, [sp, #8]
 328:Core/Src/stm32f4xx_hal_msp.c ****     /**TIM5 GPIO Configuration
 756              		.loc 1 328 5 view .LVU193
 757 009c 029B     		ldr	r3, [sp, #8]
 758              	.LBE14:
 328:Core/Src/stm32f4xx_hal_msp.c ****     /**TIM5 GPIO Configuration
 759              		.loc 1 328 5 view .LVU194
 335:Core/Src/stm32f4xx_hal_msp.c ****     GPIO_InitStruct.Mode = GPIO_MODE_AF_PP;
 760              		.loc 1 335 5 view .LVU195
 335:Core/Src/stm32f4xx_hal_msp.c ****     GPIO_InitStruct.Mode = GPIO_MODE_AF_PP;
 761              		.loc 1 335 25 is_stmt 0 view .LVU196
 762 009e 0F23     		movs	r3, #15
 763 00a0 0393     		str	r3, [sp, #12]
 336:Core/Src/stm32f4xx_hal_msp.c ****     GPIO_InitStruct.Pull = GPIO_NOPULL;
 764              		.loc 1 336 5 is_stmt 1 view .LVU197
 336:Core/Src/stm32f4xx_hal_msp.c ****     GPIO_InitStruct.Pull = GPIO_NOPULL;
 765              		.loc 1 336 26 is_stmt 0 view .LVU198
 766 00a2 0223     		movs	r3, #2
 767 00a4 0493     		str	r3, [sp, #16]
 337:Core/Src/stm32f4xx_hal_msp.c ****     GPIO_InitStruct.Speed = GPIO_SPEED_FREQ_LOW;
 768              		.loc 1 337 5 is_stmt 1 view .LVU199
 338:Core/Src/stm32f4xx_hal_msp.c ****     GPIO_InitStruct.Alternate = GPIO_AF2_TIM5;
 769              		.loc 1 338 5 view .LVU200
 339:Core/Src/stm32f4xx_hal_msp.c ****     HAL_GPIO_Init(GPIOA, &GPIO_InitStruct);
 770              		.loc 1 339 5 view .LVU201
 339:Core/Src/stm32f4xx_hal_msp.c ****     HAL_GPIO_Init(GPIOA, &GPIO_InitStruct);
 771              		.loc 1 339 31 is_stmt 0 view .LVU202
 772 00a6 0793     		str	r3, [sp, #28]
 340:Core/Src/stm32f4xx_hal_msp.c **** 
 773              		.loc 1 340 5 is_stmt 1 view .LVU203
 774 00a8 03A9     		add	r1, sp, #12
 775 00aa 0548     		ldr	r0, .L50+12
 776              	.LVL31:
 340:Core/Src/stm32f4xx_hal_msp.c **** 
 777              		.loc 1 340 5 is_stmt 0 view .LVU204
 778 00ac FFF7FEFF 		bl	HAL_GPIO_Init
 779              	.LVL32:
 780              		.loc 1 347 1 view .LVU205
 781 00b0 B8E7     		b	.L42
 782              	.L51:
 783 00b2 00BF     		.align	2
 784              	.L50:
 785 00b4 00040040 		.word	1073742848
 786 00b8 000C0040 		.word	1073744896
ARM GAS  C:\Users\lukas\AppData\Local\Temp\cc5QG2Wc.s 			page 23


 787 00bc 00380240 		.word	1073887232
 788 00c0 00000240 		.word	1073872896
 789 00c4 00080240 		.word	1073874944
 790              		.cfi_endproc
 791              	.LFE136:
 793              		.section	.text.HAL_TIM_Base_MspDeInit,"ax",%progbits
 794              		.align	1
 795              		.global	HAL_TIM_Base_MspDeInit
 796              		.syntax unified
 797              		.thumb
 798              		.thumb_func
 800              	HAL_TIM_Base_MspDeInit:
 801              	.LVL33:
 802              	.LFB137:
 348:Core/Src/stm32f4xx_hal_msp.c **** /**
 349:Core/Src/stm32f4xx_hal_msp.c **** * @brief TIM_Base MSP De-Initialization
 350:Core/Src/stm32f4xx_hal_msp.c **** * This function freeze the hardware resources used in this example
 351:Core/Src/stm32f4xx_hal_msp.c **** * @param htim_base: TIM_Base handle pointer
 352:Core/Src/stm32f4xx_hal_msp.c **** * @retval None
 353:Core/Src/stm32f4xx_hal_msp.c **** */
 354:Core/Src/stm32f4xx_hal_msp.c **** void HAL_TIM_Base_MspDeInit(TIM_HandleTypeDef* htim_base)
 355:Core/Src/stm32f4xx_hal_msp.c **** {
 803              		.loc 1 355 1 is_stmt 1 view -0
 804              		.cfi_startproc
 805              		@ args = 0, pretend = 0, frame = 0
 806              		@ frame_needed = 0, uses_anonymous_args = 0
 807              		@ link register save eliminated.
 356:Core/Src/stm32f4xx_hal_msp.c ****   if(htim_base->Instance==TIM2)
 808              		.loc 1 356 3 view .LVU207
 809              		.loc 1 356 15 is_stmt 0 view .LVU208
 810 0000 0368     		ldr	r3, [r0]
 811              		.loc 1 356 5 view .LVU209
 812 0002 B3F1804F 		cmp	r3, #1073741824
 813 0006 06D0     		beq	.L56
 357:Core/Src/stm32f4xx_hal_msp.c ****   {
 358:Core/Src/stm32f4xx_hal_msp.c ****   /* USER CODE BEGIN TIM2_MspDeInit 0 */
 359:Core/Src/stm32f4xx_hal_msp.c **** 
 360:Core/Src/stm32f4xx_hal_msp.c ****   /* USER CODE END TIM2_MspDeInit 0 */
 361:Core/Src/stm32f4xx_hal_msp.c ****     /* Peripheral clock disable */
 362:Core/Src/stm32f4xx_hal_msp.c ****     __HAL_RCC_TIM2_CLK_DISABLE();
 363:Core/Src/stm32f4xx_hal_msp.c ****   /* USER CODE BEGIN TIM2_MspDeInit 1 */
 364:Core/Src/stm32f4xx_hal_msp.c **** 
 365:Core/Src/stm32f4xx_hal_msp.c ****   /* USER CODE END TIM2_MspDeInit 1 */
 366:Core/Src/stm32f4xx_hal_msp.c ****   }
 367:Core/Src/stm32f4xx_hal_msp.c ****   else if(htim_base->Instance==TIM3)
 814              		.loc 1 367 8 is_stmt 1 view .LVU210
 815              		.loc 1 367 10 is_stmt 0 view .LVU211
 816 0008 0D4A     		ldr	r2, .L59
 817 000a 9342     		cmp	r3, r2
 818 000c 09D0     		beq	.L57
 368:Core/Src/stm32f4xx_hal_msp.c ****   {
 369:Core/Src/stm32f4xx_hal_msp.c ****   /* USER CODE BEGIN TIM3_MspDeInit 0 */
 370:Core/Src/stm32f4xx_hal_msp.c **** 
 371:Core/Src/stm32f4xx_hal_msp.c ****   /* USER CODE END TIM3_MspDeInit 0 */
 372:Core/Src/stm32f4xx_hal_msp.c ****     /* Peripheral clock disable */
 373:Core/Src/stm32f4xx_hal_msp.c ****     __HAL_RCC_TIM3_CLK_DISABLE();
 374:Core/Src/stm32f4xx_hal_msp.c ****   /* USER CODE BEGIN TIM3_MspDeInit 1 */
ARM GAS  C:\Users\lukas\AppData\Local\Temp\cc5QG2Wc.s 			page 24


 375:Core/Src/stm32f4xx_hal_msp.c **** 
 376:Core/Src/stm32f4xx_hal_msp.c ****   /* USER CODE END TIM3_MspDeInit 1 */
 377:Core/Src/stm32f4xx_hal_msp.c ****   }
 378:Core/Src/stm32f4xx_hal_msp.c ****   else if(htim_base->Instance==TIM5)
 819              		.loc 1 378 8 is_stmt 1 view .LVU212
 820              		.loc 1 378 10 is_stmt 0 view .LVU213
 821 000e 0D4A     		ldr	r2, .L59+4
 822 0010 9342     		cmp	r3, r2
 823 0012 0DD0     		beq	.L58
 824              	.L52:
 379:Core/Src/stm32f4xx_hal_msp.c ****   {
 380:Core/Src/stm32f4xx_hal_msp.c ****   /* USER CODE BEGIN TIM5_MspDeInit 0 */
 381:Core/Src/stm32f4xx_hal_msp.c **** 
 382:Core/Src/stm32f4xx_hal_msp.c ****   /* USER CODE END TIM5_MspDeInit 0 */
 383:Core/Src/stm32f4xx_hal_msp.c ****     /* Peripheral clock disable */
 384:Core/Src/stm32f4xx_hal_msp.c ****     __HAL_RCC_TIM5_CLK_DISABLE();
 385:Core/Src/stm32f4xx_hal_msp.c ****   /* USER CODE BEGIN TIM5_MspDeInit 1 */
 386:Core/Src/stm32f4xx_hal_msp.c **** 
 387:Core/Src/stm32f4xx_hal_msp.c ****   /* USER CODE END TIM5_MspDeInit 1 */
 388:Core/Src/stm32f4xx_hal_msp.c ****   }
 389:Core/Src/stm32f4xx_hal_msp.c **** 
 390:Core/Src/stm32f4xx_hal_msp.c **** }
 825              		.loc 1 390 1 view .LVU214
 826 0014 7047     		bx	lr
 827              	.L56:
 362:Core/Src/stm32f4xx_hal_msp.c ****   /* USER CODE BEGIN TIM2_MspDeInit 1 */
 828              		.loc 1 362 5 is_stmt 1 view .LVU215
 829 0016 0C4A     		ldr	r2, .L59+8
 830 0018 136C     		ldr	r3, [r2, #64]
 831 001a 23F00103 		bic	r3, r3, #1
 832 001e 1364     		str	r3, [r2, #64]
 833 0020 7047     		bx	lr
 834              	.L57:
 373:Core/Src/stm32f4xx_hal_msp.c ****   /* USER CODE BEGIN TIM3_MspDeInit 1 */
 835              		.loc 1 373 5 view .LVU216
 836 0022 02F50D32 		add	r2, r2, #144384
 837 0026 136C     		ldr	r3, [r2, #64]
 838 0028 23F00203 		bic	r3, r3, #2
 839 002c 1364     		str	r3, [r2, #64]
 840 002e 7047     		bx	lr
 841              	.L58:
 384:Core/Src/stm32f4xx_hal_msp.c ****   /* USER CODE BEGIN TIM5_MspDeInit 1 */
 842              		.loc 1 384 5 view .LVU217
 843 0030 02F50B32 		add	r2, r2, #142336
 844 0034 136C     		ldr	r3, [r2, #64]
 845 0036 23F00803 		bic	r3, r3, #8
 846 003a 1364     		str	r3, [r2, #64]
 847              		.loc 1 390 1 is_stmt 0 view .LVU218
 848 003c EAE7     		b	.L52
 849              	.L60:
 850 003e 00BF     		.align	2
 851              	.L59:
 852 0040 00040040 		.word	1073742848
 853 0044 000C0040 		.word	1073744896
 854 0048 00380240 		.word	1073887232
 855              		.cfi_endproc
 856              	.LFE137:
ARM GAS  C:\Users\lukas\AppData\Local\Temp\cc5QG2Wc.s 			page 25


 858              		.section	.text.HAL_UART_MspInit,"ax",%progbits
 859              		.align	1
 860              		.global	HAL_UART_MspInit
 861              		.syntax unified
 862              		.thumb
 863              		.thumb_func
 865              	HAL_UART_MspInit:
 866              	.LVL34:
 867              	.LFB138:
 391:Core/Src/stm32f4xx_hal_msp.c **** 
 392:Core/Src/stm32f4xx_hal_msp.c **** /**
 393:Core/Src/stm32f4xx_hal_msp.c **** * @brief UART MSP Initialization
 394:Core/Src/stm32f4xx_hal_msp.c **** * This function configures the hardware resources used in this example
 395:Core/Src/stm32f4xx_hal_msp.c **** * @param huart: UART handle pointer
 396:Core/Src/stm32f4xx_hal_msp.c **** * @retval None
 397:Core/Src/stm32f4xx_hal_msp.c **** */
 398:Core/Src/stm32f4xx_hal_msp.c **** void HAL_UART_MspInit(UART_HandleTypeDef* huart)
 399:Core/Src/stm32f4xx_hal_msp.c **** {
 868              		.loc 1 399 1 is_stmt 1 view -0
 869              		.cfi_startproc
 870              		@ args = 0, pretend = 0, frame = 40
 871              		@ frame_needed = 0, uses_anonymous_args = 0
 872              		.loc 1 399 1 is_stmt 0 view .LVU220
 873 0000 00B5     		push	{lr}
 874              	.LCFI19:
 875              		.cfi_def_cfa_offset 4
 876              		.cfi_offset 14, -4
 877 0002 8BB0     		sub	sp, sp, #44
 878              	.LCFI20:
 879              		.cfi_def_cfa_offset 48
 400:Core/Src/stm32f4xx_hal_msp.c ****   GPIO_InitTypeDef GPIO_InitStruct = {0};
 880              		.loc 1 400 3 is_stmt 1 view .LVU221
 881              		.loc 1 400 20 is_stmt 0 view .LVU222
 882 0004 0023     		movs	r3, #0
 883 0006 0593     		str	r3, [sp, #20]
 884 0008 0693     		str	r3, [sp, #24]
 885 000a 0793     		str	r3, [sp, #28]
 886 000c 0893     		str	r3, [sp, #32]
 887 000e 0993     		str	r3, [sp, #36]
 401:Core/Src/stm32f4xx_hal_msp.c ****   if(huart->Instance==USART1)
 888              		.loc 1 401 3 is_stmt 1 view .LVU223
 889              		.loc 1 401 11 is_stmt 0 view .LVU224
 890 0010 0368     		ldr	r3, [r0]
 891              		.loc 1 401 5 view .LVU225
 892 0012 284A     		ldr	r2, .L67
 893 0014 9342     		cmp	r3, r2
 894 0016 05D0     		beq	.L65
 402:Core/Src/stm32f4xx_hal_msp.c ****   {
 403:Core/Src/stm32f4xx_hal_msp.c ****   /* USER CODE BEGIN USART1_MspInit 0 */
 404:Core/Src/stm32f4xx_hal_msp.c **** 
 405:Core/Src/stm32f4xx_hal_msp.c ****   /* USER CODE END USART1_MspInit 0 */
 406:Core/Src/stm32f4xx_hal_msp.c ****     /* Peripheral clock enable */
 407:Core/Src/stm32f4xx_hal_msp.c ****     __HAL_RCC_USART1_CLK_ENABLE();
 408:Core/Src/stm32f4xx_hal_msp.c **** 
 409:Core/Src/stm32f4xx_hal_msp.c ****     __HAL_RCC_GPIOA_CLK_ENABLE();
 410:Core/Src/stm32f4xx_hal_msp.c ****     /**USART1 GPIO Configuration
 411:Core/Src/stm32f4xx_hal_msp.c ****     PA9     ------> USART1_TX
ARM GAS  C:\Users\lukas\AppData\Local\Temp\cc5QG2Wc.s 			page 26


 412:Core/Src/stm32f4xx_hal_msp.c ****     PA10     ------> USART1_RX
 413:Core/Src/stm32f4xx_hal_msp.c ****     */
 414:Core/Src/stm32f4xx_hal_msp.c ****     GPIO_InitStruct.Pin = GPIO_PIN_9|GPIO_PIN_10;
 415:Core/Src/stm32f4xx_hal_msp.c ****     GPIO_InitStruct.Mode = GPIO_MODE_AF_PP;
 416:Core/Src/stm32f4xx_hal_msp.c ****     GPIO_InitStruct.Pull = GPIO_NOPULL;
 417:Core/Src/stm32f4xx_hal_msp.c ****     GPIO_InitStruct.Speed = GPIO_SPEED_FREQ_VERY_HIGH;
 418:Core/Src/stm32f4xx_hal_msp.c ****     GPIO_InitStruct.Alternate = GPIO_AF7_USART1;
 419:Core/Src/stm32f4xx_hal_msp.c ****     HAL_GPIO_Init(GPIOA, &GPIO_InitStruct);
 420:Core/Src/stm32f4xx_hal_msp.c **** 
 421:Core/Src/stm32f4xx_hal_msp.c ****   /* USER CODE BEGIN USART1_MspInit 1 */
 422:Core/Src/stm32f4xx_hal_msp.c **** 
 423:Core/Src/stm32f4xx_hal_msp.c ****   /* USER CODE END USART1_MspInit 1 */
 424:Core/Src/stm32f4xx_hal_msp.c ****   }
 425:Core/Src/stm32f4xx_hal_msp.c ****   else if(huart->Instance==USART3)
 895              		.loc 1 425 8 is_stmt 1 view .LVU226
 896              		.loc 1 425 10 is_stmt 0 view .LVU227
 897 0018 274A     		ldr	r2, .L67+4
 898 001a 9342     		cmp	r3, r2
 899 001c 26D0     		beq	.L66
 900              	.LVL35:
 901              	.L61:
 426:Core/Src/stm32f4xx_hal_msp.c ****   {
 427:Core/Src/stm32f4xx_hal_msp.c ****   /* USER CODE BEGIN USART3_MspInit 0 */
 428:Core/Src/stm32f4xx_hal_msp.c **** 
 429:Core/Src/stm32f4xx_hal_msp.c ****   /* USER CODE END USART3_MspInit 0 */
 430:Core/Src/stm32f4xx_hal_msp.c ****     /* Peripheral clock enable */
 431:Core/Src/stm32f4xx_hal_msp.c ****     __HAL_RCC_USART3_CLK_ENABLE();
 432:Core/Src/stm32f4xx_hal_msp.c **** 
 433:Core/Src/stm32f4xx_hal_msp.c ****     __HAL_RCC_GPIOB_CLK_ENABLE();
 434:Core/Src/stm32f4xx_hal_msp.c ****     /**USART3 GPIO Configuration
 435:Core/Src/stm32f4xx_hal_msp.c ****     PB10     ------> USART3_TX
 436:Core/Src/stm32f4xx_hal_msp.c ****     PB11     ------> USART3_RX
 437:Core/Src/stm32f4xx_hal_msp.c ****     */
 438:Core/Src/stm32f4xx_hal_msp.c ****     GPIO_InitStruct.Pin = GPIO_PIN_10|GPIO_PIN_11;
 439:Core/Src/stm32f4xx_hal_msp.c ****     GPIO_InitStruct.Mode = GPIO_MODE_AF_PP;
 440:Core/Src/stm32f4xx_hal_msp.c ****     GPIO_InitStruct.Pull = GPIO_NOPULL;
 441:Core/Src/stm32f4xx_hal_msp.c ****     GPIO_InitStruct.Speed = GPIO_SPEED_FREQ_VERY_HIGH;
 442:Core/Src/stm32f4xx_hal_msp.c ****     GPIO_InitStruct.Alternate = GPIO_AF7_USART3;
 443:Core/Src/stm32f4xx_hal_msp.c ****     HAL_GPIO_Init(GPIOB, &GPIO_InitStruct);
 444:Core/Src/stm32f4xx_hal_msp.c **** 
 445:Core/Src/stm32f4xx_hal_msp.c ****   /* USER CODE BEGIN USART3_MspInit 1 */
 446:Core/Src/stm32f4xx_hal_msp.c **** 
 447:Core/Src/stm32f4xx_hal_msp.c ****   /* USER CODE END USART3_MspInit 1 */
 448:Core/Src/stm32f4xx_hal_msp.c ****   }
 449:Core/Src/stm32f4xx_hal_msp.c **** 
 450:Core/Src/stm32f4xx_hal_msp.c **** }
 902              		.loc 1 450 1 view .LVU228
 903 001e 0BB0     		add	sp, sp, #44
 904              	.LCFI21:
 905              		.cfi_remember_state
 906              		.cfi_def_cfa_offset 4
 907              		@ sp needed
 908 0020 5DF804FB 		ldr	pc, [sp], #4
 909              	.LVL36:
 910              	.L65:
 911              	.LCFI22:
 912              		.cfi_restore_state
ARM GAS  C:\Users\lukas\AppData\Local\Temp\cc5QG2Wc.s 			page 27


 407:Core/Src/stm32f4xx_hal_msp.c **** 
 913              		.loc 1 407 5 is_stmt 1 view .LVU229
 914              	.LBB15:
 407:Core/Src/stm32f4xx_hal_msp.c **** 
 915              		.loc 1 407 5 view .LVU230
 916 0024 0021     		movs	r1, #0
 917 0026 0191     		str	r1, [sp, #4]
 407:Core/Src/stm32f4xx_hal_msp.c **** 
 918              		.loc 1 407 5 view .LVU231
 919 0028 244B     		ldr	r3, .L67+8
 920 002a 5A6C     		ldr	r2, [r3, #68]
 921 002c 42F01002 		orr	r2, r2, #16
 922 0030 5A64     		str	r2, [r3, #68]
 407:Core/Src/stm32f4xx_hal_msp.c **** 
 923              		.loc 1 407 5 view .LVU232
 924 0032 5A6C     		ldr	r2, [r3, #68]
 925 0034 02F01002 		and	r2, r2, #16
 926 0038 0192     		str	r2, [sp, #4]
 407:Core/Src/stm32f4xx_hal_msp.c **** 
 927              		.loc 1 407 5 view .LVU233
 928 003a 019A     		ldr	r2, [sp, #4]
 929              	.LBE15:
 407:Core/Src/stm32f4xx_hal_msp.c **** 
 930              		.loc 1 407 5 view .LVU234
 409:Core/Src/stm32f4xx_hal_msp.c ****     /**USART1 GPIO Configuration
 931              		.loc 1 409 5 view .LVU235
 932              	.LBB16:
 409:Core/Src/stm32f4xx_hal_msp.c ****     /**USART1 GPIO Configuration
 933              		.loc 1 409 5 view .LVU236
 934 003c 0291     		str	r1, [sp, #8]
 409:Core/Src/stm32f4xx_hal_msp.c ****     /**USART1 GPIO Configuration
 935              		.loc 1 409 5 view .LVU237
 936 003e 1A6B     		ldr	r2, [r3, #48]
 937 0040 42F00102 		orr	r2, r2, #1
 938 0044 1A63     		str	r2, [r3, #48]
 409:Core/Src/stm32f4xx_hal_msp.c ****     /**USART1 GPIO Configuration
 939              		.loc 1 409 5 view .LVU238
 940 0046 1B6B     		ldr	r3, [r3, #48]
 941 0048 03F00103 		and	r3, r3, #1
 942 004c 0293     		str	r3, [sp, #8]
 409:Core/Src/stm32f4xx_hal_msp.c ****     /**USART1 GPIO Configuration
 943              		.loc 1 409 5 view .LVU239
 944 004e 029B     		ldr	r3, [sp, #8]
 945              	.LBE16:
 409:Core/Src/stm32f4xx_hal_msp.c ****     /**USART1 GPIO Configuration
 946              		.loc 1 409 5 view .LVU240
 414:Core/Src/stm32f4xx_hal_msp.c ****     GPIO_InitStruct.Mode = GPIO_MODE_AF_PP;
 947              		.loc 1 414 5 view .LVU241
 414:Core/Src/stm32f4xx_hal_msp.c ****     GPIO_InitStruct.Mode = GPIO_MODE_AF_PP;
 948              		.loc 1 414 25 is_stmt 0 view .LVU242
 949 0050 4FF4C063 		mov	r3, #1536
 950 0054 0593     		str	r3, [sp, #20]
 415:Core/Src/stm32f4xx_hal_msp.c ****     GPIO_InitStruct.Pull = GPIO_NOPULL;
 951              		.loc 1 415 5 is_stmt 1 view .LVU243
 415:Core/Src/stm32f4xx_hal_msp.c ****     GPIO_InitStruct.Pull = GPIO_NOPULL;
 952              		.loc 1 415 26 is_stmt 0 view .LVU244
 953 0056 0223     		movs	r3, #2
ARM GAS  C:\Users\lukas\AppData\Local\Temp\cc5QG2Wc.s 			page 28


 954 0058 0693     		str	r3, [sp, #24]
 416:Core/Src/stm32f4xx_hal_msp.c ****     GPIO_InitStruct.Speed = GPIO_SPEED_FREQ_VERY_HIGH;
 955              		.loc 1 416 5 is_stmt 1 view .LVU245
 417:Core/Src/stm32f4xx_hal_msp.c ****     GPIO_InitStruct.Alternate = GPIO_AF7_USART1;
 956              		.loc 1 417 5 view .LVU246
 417:Core/Src/stm32f4xx_hal_msp.c ****     GPIO_InitStruct.Alternate = GPIO_AF7_USART1;
 957              		.loc 1 417 27 is_stmt 0 view .LVU247
 958 005a 0323     		movs	r3, #3
 959 005c 0893     		str	r3, [sp, #32]
 418:Core/Src/stm32f4xx_hal_msp.c ****     HAL_GPIO_Init(GPIOA, &GPIO_InitStruct);
 960              		.loc 1 418 5 is_stmt 1 view .LVU248
 418:Core/Src/stm32f4xx_hal_msp.c ****     HAL_GPIO_Init(GPIOA, &GPIO_InitStruct);
 961              		.loc 1 418 31 is_stmt 0 view .LVU249
 962 005e 0723     		movs	r3, #7
 963 0060 0993     		str	r3, [sp, #36]
 419:Core/Src/stm32f4xx_hal_msp.c **** 
 964              		.loc 1 419 5 is_stmt 1 view .LVU250
 965 0062 05A9     		add	r1, sp, #20
 966 0064 1648     		ldr	r0, .L67+12
 967              	.LVL37:
 419:Core/Src/stm32f4xx_hal_msp.c **** 
 968              		.loc 1 419 5 is_stmt 0 view .LVU251
 969 0066 FFF7FEFF 		bl	HAL_GPIO_Init
 970              	.LVL38:
 971 006a D8E7     		b	.L61
 972              	.LVL39:
 973              	.L66:
 431:Core/Src/stm32f4xx_hal_msp.c **** 
 974              		.loc 1 431 5 is_stmt 1 view .LVU252
 975              	.LBB17:
 431:Core/Src/stm32f4xx_hal_msp.c **** 
 976              		.loc 1 431 5 view .LVU253
 977 006c 0021     		movs	r1, #0
 978 006e 0391     		str	r1, [sp, #12]
 431:Core/Src/stm32f4xx_hal_msp.c **** 
 979              		.loc 1 431 5 view .LVU254
 980 0070 124B     		ldr	r3, .L67+8
 981 0072 1A6C     		ldr	r2, [r3, #64]
 982 0074 42F48022 		orr	r2, r2, #262144
 983 0078 1A64     		str	r2, [r3, #64]
 431:Core/Src/stm32f4xx_hal_msp.c **** 
 984              		.loc 1 431 5 view .LVU255
 985 007a 1A6C     		ldr	r2, [r3, #64]
 986 007c 02F48022 		and	r2, r2, #262144
 987 0080 0392     		str	r2, [sp, #12]
 431:Core/Src/stm32f4xx_hal_msp.c **** 
 988              		.loc 1 431 5 view .LVU256
 989 0082 039A     		ldr	r2, [sp, #12]
 990              	.LBE17:
 431:Core/Src/stm32f4xx_hal_msp.c **** 
 991              		.loc 1 431 5 view .LVU257
 433:Core/Src/stm32f4xx_hal_msp.c ****     /**USART3 GPIO Configuration
 992              		.loc 1 433 5 view .LVU258
 993              	.LBB18:
 433:Core/Src/stm32f4xx_hal_msp.c ****     /**USART3 GPIO Configuration
 994              		.loc 1 433 5 view .LVU259
 995 0084 0491     		str	r1, [sp, #16]
ARM GAS  C:\Users\lukas\AppData\Local\Temp\cc5QG2Wc.s 			page 29


 433:Core/Src/stm32f4xx_hal_msp.c ****     /**USART3 GPIO Configuration
 996              		.loc 1 433 5 view .LVU260
 997 0086 1A6B     		ldr	r2, [r3, #48]
 998 0088 42F00202 		orr	r2, r2, #2
 999 008c 1A63     		str	r2, [r3, #48]
 433:Core/Src/stm32f4xx_hal_msp.c ****     /**USART3 GPIO Configuration
 1000              		.loc 1 433 5 view .LVU261
 1001 008e 1B6B     		ldr	r3, [r3, #48]
 1002 0090 03F00203 		and	r3, r3, #2
 1003 0094 0493     		str	r3, [sp, #16]
 433:Core/Src/stm32f4xx_hal_msp.c ****     /**USART3 GPIO Configuration
 1004              		.loc 1 433 5 view .LVU262
 1005 0096 049B     		ldr	r3, [sp, #16]
 1006              	.LBE18:
 433:Core/Src/stm32f4xx_hal_msp.c ****     /**USART3 GPIO Configuration
 1007              		.loc 1 433 5 view .LVU263
 438:Core/Src/stm32f4xx_hal_msp.c ****     GPIO_InitStruct.Mode = GPIO_MODE_AF_PP;
 1008              		.loc 1 438 5 view .LVU264
 438:Core/Src/stm32f4xx_hal_msp.c ****     GPIO_InitStruct.Mode = GPIO_MODE_AF_PP;
 1009              		.loc 1 438 25 is_stmt 0 view .LVU265
 1010 0098 4FF44063 		mov	r3, #3072
 1011 009c 0593     		str	r3, [sp, #20]
 439:Core/Src/stm32f4xx_hal_msp.c ****     GPIO_InitStruct.Pull = GPIO_NOPULL;
 1012              		.loc 1 439 5 is_stmt 1 view .LVU266
 439:Core/Src/stm32f4xx_hal_msp.c ****     GPIO_InitStruct.Pull = GPIO_NOPULL;
 1013              		.loc 1 439 26 is_stmt 0 view .LVU267
 1014 009e 0223     		movs	r3, #2
 1015 00a0 0693     		str	r3, [sp, #24]
 440:Core/Src/stm32f4xx_hal_msp.c ****     GPIO_InitStruct.Speed = GPIO_SPEED_FREQ_VERY_HIGH;
 1016              		.loc 1 440 5 is_stmt 1 view .LVU268
 441:Core/Src/stm32f4xx_hal_msp.c ****     GPIO_InitStruct.Alternate = GPIO_AF7_USART3;
 1017              		.loc 1 441 5 view .LVU269
 441:Core/Src/stm32f4xx_hal_msp.c ****     GPIO_InitStruct.Alternate = GPIO_AF7_USART3;
 1018              		.loc 1 441 27 is_stmt 0 view .LVU270
 1019 00a2 0323     		movs	r3, #3
 1020 00a4 0893     		str	r3, [sp, #32]
 442:Core/Src/stm32f4xx_hal_msp.c ****     HAL_GPIO_Init(GPIOB, &GPIO_InitStruct);
 1021              		.loc 1 442 5 is_stmt 1 view .LVU271
 442:Core/Src/stm32f4xx_hal_msp.c ****     HAL_GPIO_Init(GPIOB, &GPIO_InitStruct);
 1022              		.loc 1 442 31 is_stmt 0 view .LVU272
 1023 00a6 0723     		movs	r3, #7
 1024 00a8 0993     		str	r3, [sp, #36]
 443:Core/Src/stm32f4xx_hal_msp.c **** 
 1025              		.loc 1 443 5 is_stmt 1 view .LVU273
 1026 00aa 05A9     		add	r1, sp, #20
 1027 00ac 0548     		ldr	r0, .L67+16
 1028              	.LVL40:
 443:Core/Src/stm32f4xx_hal_msp.c **** 
 1029              		.loc 1 443 5 is_stmt 0 view .LVU274
 1030 00ae FFF7FEFF 		bl	HAL_GPIO_Init
 1031              	.LVL41:
 1032              		.loc 1 450 1 view .LVU275
 1033 00b2 B4E7     		b	.L61
 1034              	.L68:
 1035              		.align	2
 1036              	.L67:
 1037 00b4 00100140 		.word	1073811456
ARM GAS  C:\Users\lukas\AppData\Local\Temp\cc5QG2Wc.s 			page 30


 1038 00b8 00480040 		.word	1073760256
 1039 00bc 00380240 		.word	1073887232
 1040 00c0 00000240 		.word	1073872896
 1041 00c4 00040240 		.word	1073873920
 1042              		.cfi_endproc
 1043              	.LFE138:
 1045              		.section	.text.HAL_UART_MspDeInit,"ax",%progbits
 1046              		.align	1
 1047              		.global	HAL_UART_MspDeInit
 1048              		.syntax unified
 1049              		.thumb
 1050              		.thumb_func
 1052              	HAL_UART_MspDeInit:
 1053              	.LVL42:
 1054              	.LFB139:
 451:Core/Src/stm32f4xx_hal_msp.c **** 
 452:Core/Src/stm32f4xx_hal_msp.c **** /**
 453:Core/Src/stm32f4xx_hal_msp.c **** * @brief UART MSP De-Initialization
 454:Core/Src/stm32f4xx_hal_msp.c **** * This function freeze the hardware resources used in this example
 455:Core/Src/stm32f4xx_hal_msp.c **** * @param huart: UART handle pointer
 456:Core/Src/stm32f4xx_hal_msp.c **** * @retval None
 457:Core/Src/stm32f4xx_hal_msp.c **** */
 458:Core/Src/stm32f4xx_hal_msp.c **** void HAL_UART_MspDeInit(UART_HandleTypeDef* huart)
 459:Core/Src/stm32f4xx_hal_msp.c **** {
 1055              		.loc 1 459 1 is_stmt 1 view -0
 1056              		.cfi_startproc
 1057              		@ args = 0, pretend = 0, frame = 0
 1058              		@ frame_needed = 0, uses_anonymous_args = 0
 1059              		.loc 1 459 1 is_stmt 0 view .LVU277
 1060 0000 08B5     		push	{r3, lr}
 1061              	.LCFI23:
 1062              		.cfi_def_cfa_offset 8
 1063              		.cfi_offset 3, -8
 1064              		.cfi_offset 14, -4
 460:Core/Src/stm32f4xx_hal_msp.c ****   if(huart->Instance==USART1)
 1065              		.loc 1 460 3 is_stmt 1 view .LVU278
 1066              		.loc 1 460 11 is_stmt 0 view .LVU279
 1067 0002 0368     		ldr	r3, [r0]
 1068              		.loc 1 460 5 view .LVU280
 1069 0004 0F4A     		ldr	r2, .L75
 1070 0006 9342     		cmp	r3, r2
 1071 0008 03D0     		beq	.L73
 461:Core/Src/stm32f4xx_hal_msp.c ****   {
 462:Core/Src/stm32f4xx_hal_msp.c ****   /* USER CODE BEGIN USART1_MspDeInit 0 */
 463:Core/Src/stm32f4xx_hal_msp.c **** 
 464:Core/Src/stm32f4xx_hal_msp.c ****   /* USER CODE END USART1_MspDeInit 0 */
 465:Core/Src/stm32f4xx_hal_msp.c ****     /* Peripheral clock disable */
 466:Core/Src/stm32f4xx_hal_msp.c ****     __HAL_RCC_USART1_CLK_DISABLE();
 467:Core/Src/stm32f4xx_hal_msp.c **** 
 468:Core/Src/stm32f4xx_hal_msp.c ****     /**USART1 GPIO Configuration
 469:Core/Src/stm32f4xx_hal_msp.c ****     PA9     ------> USART1_TX
 470:Core/Src/stm32f4xx_hal_msp.c ****     PA10     ------> USART1_RX
 471:Core/Src/stm32f4xx_hal_msp.c ****     */
 472:Core/Src/stm32f4xx_hal_msp.c ****     HAL_GPIO_DeInit(GPIOA, GPIO_PIN_9|GPIO_PIN_10);
 473:Core/Src/stm32f4xx_hal_msp.c **** 
 474:Core/Src/stm32f4xx_hal_msp.c ****   /* USER CODE BEGIN USART1_MspDeInit 1 */
 475:Core/Src/stm32f4xx_hal_msp.c **** 
ARM GAS  C:\Users\lukas\AppData\Local\Temp\cc5QG2Wc.s 			page 31


 476:Core/Src/stm32f4xx_hal_msp.c ****   /* USER CODE END USART1_MspDeInit 1 */
 477:Core/Src/stm32f4xx_hal_msp.c ****   }
 478:Core/Src/stm32f4xx_hal_msp.c ****   else if(huart->Instance==USART3)
 1072              		.loc 1 478 8 is_stmt 1 view .LVU281
 1073              		.loc 1 478 10 is_stmt 0 view .LVU282
 1074 000a 0F4A     		ldr	r2, .L75+4
 1075 000c 9342     		cmp	r3, r2
 1076 000e 0CD0     		beq	.L74
 1077              	.LVL43:
 1078              	.L69:
 479:Core/Src/stm32f4xx_hal_msp.c ****   {
 480:Core/Src/stm32f4xx_hal_msp.c ****   /* USER CODE BEGIN USART3_MspDeInit 0 */
 481:Core/Src/stm32f4xx_hal_msp.c **** 
 482:Core/Src/stm32f4xx_hal_msp.c ****   /* USER CODE END USART3_MspDeInit 0 */
 483:Core/Src/stm32f4xx_hal_msp.c ****     /* Peripheral clock disable */
 484:Core/Src/stm32f4xx_hal_msp.c ****     __HAL_RCC_USART3_CLK_DISABLE();
 485:Core/Src/stm32f4xx_hal_msp.c **** 
 486:Core/Src/stm32f4xx_hal_msp.c ****     /**USART3 GPIO Configuration
 487:Core/Src/stm32f4xx_hal_msp.c ****     PB10     ------> USART3_TX
 488:Core/Src/stm32f4xx_hal_msp.c ****     PB11     ------> USART3_RX
 489:Core/Src/stm32f4xx_hal_msp.c ****     */
 490:Core/Src/stm32f4xx_hal_msp.c ****     HAL_GPIO_DeInit(GPIOB, GPIO_PIN_10|GPIO_PIN_11);
 491:Core/Src/stm32f4xx_hal_msp.c **** 
 492:Core/Src/stm32f4xx_hal_msp.c ****   /* USER CODE BEGIN USART3_MspDeInit 1 */
 493:Core/Src/stm32f4xx_hal_msp.c **** 
 494:Core/Src/stm32f4xx_hal_msp.c ****   /* USER CODE END USART3_MspDeInit 1 */
 495:Core/Src/stm32f4xx_hal_msp.c ****   }
 496:Core/Src/stm32f4xx_hal_msp.c **** 
 497:Core/Src/stm32f4xx_hal_msp.c **** }
 1079              		.loc 1 497 1 view .LVU283
 1080 0010 08BD     		pop	{r3, pc}
 1081              	.LVL44:
 1082              	.L73:
 466:Core/Src/stm32f4xx_hal_msp.c **** 
 1083              		.loc 1 466 5 is_stmt 1 view .LVU284
 1084 0012 02F59432 		add	r2, r2, #75776
 1085 0016 536C     		ldr	r3, [r2, #68]
 1086 0018 23F01003 		bic	r3, r3, #16
 1087 001c 5364     		str	r3, [r2, #68]
 472:Core/Src/stm32f4xx_hal_msp.c **** 
 1088              		.loc 1 472 5 view .LVU285
 1089 001e 4FF4C061 		mov	r1, #1536
 1090 0022 0A48     		ldr	r0, .L75+8
 1091              	.LVL45:
 472:Core/Src/stm32f4xx_hal_msp.c **** 
 1092              		.loc 1 472 5 is_stmt 0 view .LVU286
 1093 0024 FFF7FEFF 		bl	HAL_GPIO_DeInit
 1094              	.LVL46:
 1095 0028 F2E7     		b	.L69
 1096              	.LVL47:
 1097              	.L74:
 484:Core/Src/stm32f4xx_hal_msp.c **** 
 1098              		.loc 1 484 5 is_stmt 1 view .LVU287
 1099 002a 02F5F832 		add	r2, r2, #126976
 1100 002e 136C     		ldr	r3, [r2, #64]
 1101 0030 23F48023 		bic	r3, r3, #262144
 1102 0034 1364     		str	r3, [r2, #64]
ARM GAS  C:\Users\lukas\AppData\Local\Temp\cc5QG2Wc.s 			page 32


 490:Core/Src/stm32f4xx_hal_msp.c **** 
 1103              		.loc 1 490 5 view .LVU288
 1104 0036 4FF44061 		mov	r1, #3072
 1105 003a 0548     		ldr	r0, .L75+12
 1106              	.LVL48:
 490:Core/Src/stm32f4xx_hal_msp.c **** 
 1107              		.loc 1 490 5 is_stmt 0 view .LVU289
 1108 003c FFF7FEFF 		bl	HAL_GPIO_DeInit
 1109              	.LVL49:
 1110              		.loc 1 497 1 view .LVU290
 1111 0040 E6E7     		b	.L69
 1112              	.L76:
 1113 0042 00BF     		.align	2
 1114              	.L75:
 1115 0044 00100140 		.word	1073811456
 1116 0048 00480040 		.word	1073760256
 1117 004c 00000240 		.word	1073872896
 1118 0050 00040240 		.word	1073873920
 1119              		.cfi_endproc
 1120              	.LFE139:
 1122              		.text
 1123              	.Letext0:
 1124              		.file 2 "c:\\users\\lukas\\source\\tools\\gcc-arm-none-eabi-10.3-2021.10-win32\\arm-none-eabi\\inc
 1125              		.file 3 "c:\\users\\lukas\\source\\tools\\gcc-arm-none-eabi-10.3-2021.10-win32\\arm-none-eabi\\inc
 1126              		.file 4 "Drivers/CMSIS/Device/ST/STM32F4xx/Include/stm32f405xx.h"
 1127              		.file 5 "Drivers/STM32F4xx_HAL_Driver/Inc/stm32f4xx_hal_def.h"
 1128              		.file 6 "Drivers/STM32F4xx_HAL_Driver/Inc/stm32f4xx_hal_gpio.h"
 1129              		.file 7 "Drivers/STM32F4xx_HAL_Driver/Inc/stm32f4xx_hal_dma.h"
 1130              		.file 8 "Drivers/STM32F4xx_HAL_Driver/Inc/stm32f4xx_hal_i2c.h"
 1131              		.file 9 "Drivers/STM32F4xx_HAL_Driver/Inc/stm32f4xx_ll_sdmmc.h"
 1132              		.file 10 "Drivers/STM32F4xx_HAL_Driver/Inc/stm32f4xx_hal_sd.h"
 1133              		.file 11 "Drivers/STM32F4xx_HAL_Driver/Inc/stm32f4xx_hal_tim.h"
 1134              		.file 12 "Drivers/STM32F4xx_HAL_Driver/Inc/stm32f4xx_hal_uart.h"
ARM GAS  C:\Users\lukas\AppData\Local\Temp\cc5QG2Wc.s 			page 33


DEFINED SYMBOLS
                            *ABS*:00000000 stm32f4xx_hal_msp.c
C:\Users\lukas\AppData\Local\Temp\cc5QG2Wc.s:20     .text.HAL_MspInit:00000000 $t
C:\Users\lukas\AppData\Local\Temp\cc5QG2Wc.s:26     .text.HAL_MspInit:00000000 HAL_MspInit
C:\Users\lukas\AppData\Local\Temp\cc5QG2Wc.s:80     .text.HAL_MspInit:00000034 $d
C:\Users\lukas\AppData\Local\Temp\cc5QG2Wc.s:85     .text.HAL_I2C_MspInit:00000000 $t
C:\Users\lukas\AppData\Local\Temp\cc5QG2Wc.s:91     .text.HAL_I2C_MspInit:00000000 HAL_I2C_MspInit
C:\Users\lukas\AppData\Local\Temp\cc5QG2Wc.s:199    .text.HAL_I2C_MspInit:00000064 $d
C:\Users\lukas\AppData\Local\Temp\cc5QG2Wc.s:206    .text.HAL_I2C_MspDeInit:00000000 $t
C:\Users\lukas\AppData\Local\Temp\cc5QG2Wc.s:212    .text.HAL_I2C_MspDeInit:00000000 HAL_I2C_MspDeInit
C:\Users\lukas\AppData\Local\Temp\cc5QG2Wc.s:257    .text.HAL_I2C_MspDeInit:0000002c $d
C:\Users\lukas\AppData\Local\Temp\cc5QG2Wc.s:264    .text.HAL_SD_MspInit:00000000 $t
C:\Users\lukas\AppData\Local\Temp\cc5QG2Wc.s:270    .text.HAL_SD_MspInit:00000000 HAL_SD_MspInit
C:\Users\lukas\AppData\Local\Temp\cc5QG2Wc.s:417    .text.HAL_SD_MspInit:00000094 $d
C:\Users\lukas\AppData\Local\Temp\cc5QG2Wc.s:424    .text.HAL_SD_MspDeInit:00000000 $t
C:\Users\lukas\AppData\Local\Temp\cc5QG2Wc.s:430    .text.HAL_SD_MspDeInit:00000000 HAL_SD_MspDeInit
C:\Users\lukas\AppData\Local\Temp\cc5QG2Wc.s:478    .text.HAL_SD_MspDeInit:0000002c $d
C:\Users\lukas\AppData\Local\Temp\cc5QG2Wc.s:486    .text.HAL_TIM_Base_MspInit:00000000 $t
C:\Users\lukas\AppData\Local\Temp\cc5QG2Wc.s:492    .text.HAL_TIM_Base_MspInit:00000000 HAL_TIM_Base_MspInit
C:\Users\lukas\AppData\Local\Temp\cc5QG2Wc.s:594    .text.HAL_TIM_Base_MspInit:00000068 $d
C:\Users\lukas\AppData\Local\Temp\cc5QG2Wc.s:601    .text.HAL_TIM_MspPostInit:00000000 $t
C:\Users\lukas\AppData\Local\Temp\cc5QG2Wc.s:607    .text.HAL_TIM_MspPostInit:00000000 HAL_TIM_MspPostInit
C:\Users\lukas\AppData\Local\Temp\cc5QG2Wc.s:785    .text.HAL_TIM_MspPostInit:000000b4 $d
C:\Users\lukas\AppData\Local\Temp\cc5QG2Wc.s:794    .text.HAL_TIM_Base_MspDeInit:00000000 $t
C:\Users\lukas\AppData\Local\Temp\cc5QG2Wc.s:800    .text.HAL_TIM_Base_MspDeInit:00000000 HAL_TIM_Base_MspDeInit
C:\Users\lukas\AppData\Local\Temp\cc5QG2Wc.s:852    .text.HAL_TIM_Base_MspDeInit:00000040 $d
C:\Users\lukas\AppData\Local\Temp\cc5QG2Wc.s:859    .text.HAL_UART_MspInit:00000000 $t
C:\Users\lukas\AppData\Local\Temp\cc5QG2Wc.s:865    .text.HAL_UART_MspInit:00000000 HAL_UART_MspInit
C:\Users\lukas\AppData\Local\Temp\cc5QG2Wc.s:1037   .text.HAL_UART_MspInit:000000b4 $d
C:\Users\lukas\AppData\Local\Temp\cc5QG2Wc.s:1046   .text.HAL_UART_MspDeInit:00000000 $t
C:\Users\lukas\AppData\Local\Temp\cc5QG2Wc.s:1052   .text.HAL_UART_MspDeInit:00000000 HAL_UART_MspDeInit
C:\Users\lukas\AppData\Local\Temp\cc5QG2Wc.s:1115   .text.HAL_UART_MspDeInit:00000044 $d

UNDEFINED SYMBOLS
HAL_GPIO_Init
HAL_GPIO_DeInit
